#
# A fatal error has been detected by the Java Runtime Environment:
#
#  SIGSEGV (0xb) at pc=0x0000000106dcbe65, pid=23766, tid=69503
#
# JRE version: Java(TM) SE Runtime Environment (8.0_40-b25) (build 1.8.0_40-b25)
# Java VM: Java HotSpot(TM) 64-Bit Server VM (25.40-b25 mixed mode bsd-amd64 compressed oops)
# Problematic frame:
# C  [libobjc.A.dylib+0x7e65]  (anonymous namespace)::AutoreleasePoolPage::pop(void*)+0x215
#
# Failed to write core dump. Core dumps have been disabled. To enable core dumping, try "ulimit -c unlimited" before starting Java again
#
# If you would like to submit a bug report, please visit:
#   http://bugreport.java.com/bugreport/crash.jsp
# The crash happened outside the Java Virtual Machine in native code.
# See problematic frame for where to report the bug.
#

---------------  T H R E A D  ---------------

Current thread (0x00007f9ecabcf000):  JavaThread "SimpleAsyncTaskExecutor-1" [_thread_in_native, id=69503, stack(0x000000012f9fc000,0x000000012fafc000)]

siginfo: si_signo: 11 (SIGSEGV), si_code: 1 (SEGV_MAPERR), si_addr: 0x0000000000000010

Registers:
RAX=0x00007f9ecb01d038, RBX=0x0000000000000000, RCX=0x00007f9ecb01d038, RDX=0x000000000006eb70
RSP=0x000000012faf9ff0, RBP=0x000000012fafa430, RSI=0x000000010c1d69f3, RDI=0x00007f9eca341038
R8 =0x0000000000000008, R9 =0x00007f9ecc500000, R10=0x00007f9ec9f0ebc0, R11=0x00000001078f1188
R12=0xa3a3a3a3a3a3a3a3, R13=0x000000010bf5c070, R14=0x00007f9eca341038, R15=0x00007f9eca341000
RIP=0x0000000106dcbe65, EFLAGS=0x0000000000010246, ERR=0x0000000000000004
  TRAPNO=0x000000000000000e

Top of Stack: (sp=0x000000012faf9ff0)
0x000000012faf9ff0:   000000012fafa030 00007f9eca341038
0x000000012fafa000:   00007f9ec9c00da8 00012068c9c00d80
0x000000012fafa010:   00aadb0000aadb00 00007f9ec9c00d80
0x000000012fafa020:   00000001073a3f80 00007f9ec9c00d90
0x000000012fafa030:   000000012fafa180 000000010704a24f
0x000000012fafa040:   000000010fceba00 0000000000000009
0x000000012fafa050:   00000001069d5000 00007f9ecc58bda9
0x000000012fafa060:   0000000000000004 000000010fceba00
0x000000012fafa070:   000000012fafa160 000000010c090289
0x000000012fafa080:   000000010fceba00 0001206800000000
0x000000012fafa090:   00009b0000009b00 000000010c157dd4
0x000000012fafa0a0:   000000010fceba00 0000000000000000
0x000000012fafa0b0:   000000012fafa12c 000000010c157dd4
0x000000012fafa0c0:   000000012fafa134 0000000000000000
0x000000012fafa0d0:   000000012fafa14c 000000012fafa150
0x000000012fafa0e0:   000000012fafa154 00007f9ec9d93680
0x000000012fafa0f0:   ffffffffffffffff 0001206800000040
0x000000012fafa100:   00007f9ec9d93698 00007f9ec9d93680
0x000000012fafa110:   000000010bf5c070 0000000000000001
0x000000012fafa120:   00000001073a3f80 00007f9ec9f604c0
0x000000012fafa130:   000000012fafa170 000000010c157b4e
0x000000012fafa140:   0000000106fcc090 00007f9ecc58bda0
0x000000012fafa150:   000000012fafa1b0 0000000106fcc090
0x000000012fafa160:   000000012fafa190 0000000106de6225
0x000000012fafa170:   000000012fafa180 00007f9ecabc8bc0
0x000000012fafa180:   000000012fafa220 000000010c093650
0x000000012fafa190:   00007f9ecc58c618 0000000000000000
0x000000012fafa1a0:   00007f9ecc58c610 00000000000008c7
0x000000012fafa1b0:   00007f9ecc500000 00007f9e00000002
0x000000012fafa1c0:   00007f9ecc5fc080 00007f9ecc58c5e0
0x000000012fafa1d0:   0000000000000030 00007f9ecc58c5e0
0x000000012fafa1e0:   00007f9ecc500000 000000000fce0069 

Instructions: (pc=0x0000000106dcbe65)
0x0000000106dcbe45:   74 15 81 3b a1 a1 a1 a1 74 0d be 01 00 00 00 48
0x0000000106dcbe55:   89 df e8 64 a1 01 00 65 48 89 1c 25 58 01 00 00
0x0000000106dcbe65:   48 8b 43 10 48 8d 4b 38 48 39 c8 74 cc 48 83 c3
0x0000000106dcbe75:   10 48 8d 48 f8 48 89 0b 48 8b 78 f8 4c 89 60 f8 

Register to memory mapping:

RAX=0x00007f9ecb01d038 is an unknown value
RBX=0x0000000000000000 is an unknown value
RCX=0x00007f9ecb01d038 is an unknown value
RDX=0x000000000006eb70 is an unknown value
RSP=0x000000012faf9ff0 is pointing into the stack for thread: 0x00007f9ecabcf000
RBP=0x000000012fafa430 is pointing into the stack for thread: 0x00007f9ecabcf000
RSI=0x000000010c1d69f3: __xpcVersionNumber+0x3e03 in /usr/lib/system/libxpc.dylib at 0x000000010c1b3000
RDI=0x00007f9eca341038 is an unknown value
R8 =0x0000000000000008 is an unknown value
R9 =0x00007f9ecc500000 is an unknown value
R10=0x00007f9ec9f0ebc0 is an unknown value
R11=0x00000001078f1188: OBJC_CLASS_$_NSAutoreleasePool+0 in /System/Library/Frameworks/Foundation.framework/Versions/C/Foundation at 0x000000010750b000
R12=0xa3a3a3a3a3a3a3a3 is an unknown value
R13=0x000000010bf5c070: __stack_chk_guard+0 in /usr/lib/system/libsystem_c.dylib at 0x000000010becb000
R14=0x00007f9eca341038 is an unknown value
R15=0x00007f9eca341000 is an unknown value


Stack: [0x000000012f9fc000,0x000000012fafc000],  sp=0x000000012faf9ff0,  free space=1015k
Native frames: (J=compiled Java code, j=interpreted, Vv=VM code, C=native code)
C  [libobjc.A.dylib+0x7e65]  (anonymous namespace)::AutoreleasePoolPage::pop(void*)+0x215
C  [CoreFoundation+0x3a302]  _CFAutoreleasePoolPop+0x32
C  [Foundation+0x1bedf]  -[NSAutoreleasePool drain]+0x99
C  [liblwjgl.dylib+0xc0ef]  Java_org_lwjgl_opengl_MacOSXDisplay_nDestroyWindow+0x3f
j  org.lwjgl.opengl.MacOSXDisplay.nDestroyWindow(Ljava/nio/ByteBuffer;)V+0
j  org.lwjgl.opengl.MacOSXDisplay.destroyWindow()V+43
j  org.lwjgl.opengl.Display.destroyWindow()V+46
j  org.lwjgl.opengl.Display.setDisplayMode(Lorg/lwjgl/opengl/DisplayMode;)V+34
j  com.badlogic.gdx.backends.lwjgl.LwjglGraphics.setDisplayMode(IIZ)Z+205
j  newworldorder.game.GameScreen.show()V+10
j  com.badlogic.gdx.Game.setScreen(Lcom/badlogic/gdx/Screen;)V+32
j  newworldorder.game.MedievalWarfareGame.setGameScreen()V+5
j  newworldorder.client.service.GdxAppController.launchGame(Lnewworldorder/common/matchmaking/GameInfo;)V+29
j  newworldorder.common.network.command.StartGameCommand.execute()V+17
j  newworldorder.client.controller.ClientCommandHandler.handle(Lnewworldorder/common/network/command/AbstractCommand;)V+49
v  ~StubRoutines::call_stub
V  [libjvm.dylib+0x2e036e]  JavaCalls::call_helper(JavaValue*, methodHandle*, JavaCallArguments*, Thread*)+0x6ae
V  [libjvm.dylib+0x4b4152]  Reflection::invoke(instanceKlassHandle, methodHandle, Handle, bool, objArrayHandle, BasicType, objArrayHandle, bool, Thread*)+0xdf8
V  [libjvm.dylib+0x4b466c]  Reflection::invoke_method(oopDesc*, Handle, objArrayHandle, Thread*)+0x16c
V  [libjvm.dylib+0x330544]  JVM_InvokeMethod+0x166
J 2329  sun.reflect.NativeMethodAccessorImpl.invoke0(Ljava/lang/reflect/Method;Ljava/lang/Object;[Ljava/lang/Object;)Ljava/lang/Object; (0 bytes) @ 0x0000000111b9632d [0x0000000111b96240+0xed]
J 2327 C1 sun.reflect.NativeMethodAccessorImpl.invoke(Ljava/lang/Object;[Ljava/lang/Object;)Ljava/lang/Object; (104 bytes) @ 0x0000000111b15f54 [0x0000000111b14d80+0x11d4]
J 920 C1 sun.reflect.DelegatingMethodAccessorImpl.invoke(Ljava/lang/Object;[Ljava/lang/Object;)Ljava/lang/Object; (10 bytes) @ 0x0000000111cc498c [0x0000000111cc4880+0x10c]
J 919 C1 java.lang.reflect.Method.invoke(Ljava/lang/Object;[Ljava/lang/Object;)Ljava/lang/Object; (62 bytes) @ 0x0000000111ccc5d4 [0x0000000111ccc1e0+0x3f4]
j  org.springframework.util.MethodInvoker.invoke()Ljava/lang/Object;+44
j  org.springframework.amqp.rabbit.listener.adapter.MessageListenerAdapter.invokeListenerMethod(Ljava/lang/String;[Ljava/lang/Object;Lorg/springframework/amqp/core/Message;)Ljava/lang/Object;+37
j  org.springframework.amqp.rabbit.listener.adapter.MessageListenerAdapter.onMessage(Lorg/springframework/amqp/core/Message;Lcom/rabbitmq/client/Channel;)V+113
j  org.springframework.amqp.rabbit.listener.AbstractMessageListenerContainer.doInvokeListener(Lorg/springframework/amqp/rabbit/core/ChannelAwareMessageListener;Lcom/rabbitmq/client/Channel;Lorg/springframework/amqp/core/Message;)V+107
j  org.springframework.amqp.rabbit.listener.AbstractMessageListenerContainer.invokeListener(Lcom/rabbitmq/client/Channel;Lorg/springframework/amqp/core/Message;)V+19
j  org.springframework.amqp.rabbit.listener.SimpleMessageListenerContainer.access$001(Lorg/springframework/amqp/rabbit/listener/SimpleMessageListenerContainer;Lcom/rabbitmq/client/Channel;Lorg/springframework/amqp/core/Message;)V+3
j  org.springframework.amqp.rabbit.listener.SimpleMessageListenerContainer$1.invokeListener(Lcom/rabbitmq/client/Channel;Lorg/springframework/amqp/core/Message;)V+6
j  org.springframework.amqp.rabbit.listener.SimpleMessageListenerContainer.invokeListener(Lcom/rabbitmq/client/Channel;Lorg/springframework/amqp/core/Message;)V+6
j  org.springframework.amqp.rabbit.listener.AbstractMessageListenerContainer.executeListener(Lcom/rabbitmq/client/Channel;Lorg/springframework/amqp/core/Message;)V+292
j  org.springframework.amqp.rabbit.listener.SimpleMessageListenerContainer.doReceiveAndExecute(Lorg/springframework/amqp/rabbit/listener/BlockingQueueConsumer;)Z+48
j  org.springframework.amqp.rabbit.listener.SimpleMessageListenerContainer.receiveAndExecute(Lorg/springframework/amqp/rabbit/listener/BlockingQueueConsumer;)Z+49
j  org.springframework.amqp.rabbit.listener.SimpleMessageListenerContainer.access$700(Lorg/springframework/amqp/rabbit/listener/SimpleMessageListenerContainer;Lorg/springframework/amqp/rabbit/listener/BlockingQueueConsumer;)Z+2
j  org.springframework.amqp.rabbit.listener.SimpleMessageListenerContainer$AsyncMessageProcessingConsumer.run()V+167
j  java.lang.Thread.run()V+11
v  ~StubRoutines::call_stub
V  [libjvm.dylib+0x2e036e]  JavaCalls::call_helper(JavaValue*, methodHandle*, JavaCallArguments*, Thread*)+0x6ae
V  [libjvm.dylib+0x2e0afc]  JavaCalls::call_virtual(JavaValue*, KlassHandle, Symbol*, Symbol*, JavaCallArguments*, Thread*)+0x164
V  [libjvm.dylib+0x2e0ca8]  JavaCalls::call_virtual(JavaValue*, Handle, KlassHandle, Symbol*, Symbol*, Thread*)+0x4a
V  [libjvm.dylib+0x3331e9]  thread_entry(JavaThread*, Thread*)+0x7c
V  [libjvm.dylib+0x549acf]  JavaThread::thread_main_inner()+0x9b
V  [libjvm.dylib+0x54b1c0]  JavaThread::run()+0x1c2
V  [libjvm.dylib+0x46ea8e]  java_start(Thread*)+0xf6
C  [libsystem_pthread.dylib+0x3268]  _pthread_body+0x83
C  [libsystem_pthread.dylib+0x31e5]  _pthread_body+0x0
C  [libsystem_pthread.dylib+0x141d]  thread_start+0xd
C  0x0000000000000000

Java frames: (J=compiled Java code, j=interpreted, Vv=VM code)
j  org.lwjgl.opengl.MacOSXDisplay.nDestroyWindow(Ljava/nio/ByteBuffer;)V+0
j  org.lwjgl.opengl.MacOSXDisplay.destroyWindow()V+43
j  org.lwjgl.opengl.Display.destroyWindow()V+46
j  org.lwjgl.opengl.Display.setDisplayMode(Lorg/lwjgl/opengl/DisplayMode;)V+34
j  com.badlogic.gdx.backends.lwjgl.LwjglGraphics.setDisplayMode(IIZ)Z+205
j  newworldorder.game.GameScreen.show()V+10
j  com.badlogic.gdx.Game.setScreen(Lcom/badlogic/gdx/Screen;)V+32
j  newworldorder.game.MedievalWarfareGame.setGameScreen()V+5
j  newworldorder.client.service.GdxAppController.launchGame(Lnewworldorder/common/matchmaking/GameInfo;)V+29
j  newworldorder.common.network.command.StartGameCommand.execute()V+17
j  newworldorder.client.controller.ClientCommandHandler.handle(Lnewworldorder/common/network/command/AbstractCommand;)V+49
v  ~StubRoutines::call_stub
J 2329  sun.reflect.NativeMethodAccessorImpl.invoke0(Ljava/lang/reflect/Method;Ljava/lang/Object;[Ljava/lang/Object;)Ljava/lang/Object; (0 bytes) @ 0x0000000111b962b7 [0x0000000111b96240+0x77]
J 2327 C1 sun.reflect.NativeMethodAccessorImpl.invoke(Ljava/lang/Object;[Ljava/lang/Object;)Ljava/lang/Object; (104 bytes) @ 0x0000000111b15f54 [0x0000000111b14d80+0x11d4]
J 920 C1 sun.reflect.DelegatingMethodAccessorImpl.invoke(Ljava/lang/Object;[Ljava/lang/Object;)Ljava/lang/Object; (10 bytes) @ 0x0000000111cc498c [0x0000000111cc4880+0x10c]
J 919 C1 java.lang.reflect.Method.invoke(Ljava/lang/Object;[Ljava/lang/Object;)Ljava/lang/Object; (62 bytes) @ 0x0000000111ccc5d4 [0x0000000111ccc1e0+0x3f4]
j  org.springframework.util.MethodInvoker.invoke()Ljava/lang/Object;+44
j  org.springframework.amqp.rabbit.listener.adapter.MessageListenerAdapter.invokeListenerMethod(Ljava/lang/String;[Ljava/lang/Object;Lorg/springframework/amqp/core/Message;)Ljava/lang/Object;+37
j  org.springframework.amqp.rabbit.listener.adapter.MessageListenerAdapter.onMessage(Lorg/springframework/amqp/core/Message;Lcom/rabbitmq/client/Channel;)V+113
j  org.springframework.amqp.rabbit.listener.AbstractMessageListenerContainer.doInvokeListener(Lorg/springframework/amqp/rabbit/core/ChannelAwareMessageListener;Lcom/rabbitmq/client/Channel;Lorg/springframework/amqp/core/Message;)V+107
j  org.springframework.amqp.rabbit.listener.AbstractMessageListenerContainer.invokeListener(Lcom/rabbitmq/client/Channel;Lorg/springframework/amqp/core/Message;)V+19
j  org.springframework.amqp.rabbit.listener.SimpleMessageListenerContainer.access$001(Lorg/springframework/amqp/rabbit/listener/SimpleMessageListenerContainer;Lcom/rabbitmq/client/Channel;Lorg/springframework/amqp/core/Message;)V+3
j  org.springframework.amqp.rabbit.listener.SimpleMessageListenerContainer$1.invokeListener(Lcom/rabbitmq/client/Channel;Lorg/springframework/amqp/core/Message;)V+6
j  org.springframework.amqp.rabbit.listener.SimpleMessageListenerContainer.invokeListener(Lcom/rabbitmq/client/Channel;Lorg/springframework/amqp/core/Message;)V+6
j  org.springframework.amqp.rabbit.listener.AbstractMessageListenerContainer.executeListener(Lcom/rabbitmq/client/Channel;Lorg/springframework/amqp/core/Message;)V+292
j  org.springframework.amqp.rabbit.listener.SimpleMessageListenerContainer.doReceiveAndExecute(Lorg/springframework/amqp/rabbit/listener/BlockingQueueConsumer;)Z+48
j  org.springframework.amqp.rabbit.listener.SimpleMessageListenerContainer.receiveAndExecute(Lorg/springframework/amqp/rabbit/listener/BlockingQueueConsumer;)Z+49
j  org.springframework.amqp.rabbit.listener.SimpleMessageListenerContainer.access$700(Lorg/springframework/amqp/rabbit/listener/SimpleMessageListenerContainer;Lorg/springframework/amqp/rabbit/listener/BlockingQueueConsumer;)Z+2
j  org.springframework.amqp.rabbit.listener.SimpleMessageListenerContainer$AsyncMessageProcessingConsumer.run()V+167
j  java.lang.Thread.run()V+11
v  ~StubRoutines::call_stub

---------------  P R O C E S S  ---------------

Java Threads: ( => current thread )
  0x00007f9ecb914800 JavaThread "AWT-Shutdown" [_thread_blocked, id=28699, stack(0x00000001305ca000,0x00000001306ca000)]
  0x00007f9eca2f8800 JavaThread "pool-5-thread-3" [_thread_blocked, id=37155, stack(0x00000001304c7000,0x00000001305c7000)]
  0x00007f9ecb9bf000 JavaThread "SimpleAsyncTaskExecutor-1" [_thread_blocked, id=35983, stack(0x000000012fdc4000,0x000000012fec4000)]
  0x00007f9eca0ee000 JavaThread "pool-5-thread-2" [_thread_blocked, id=34191, stack(0x000000012f3f6000,0x000000012f4f6000)]
  0x00007f9ecad5f000 JavaThread "pool-5-thread-1" [_thread_in_native, id=23143, stack(0x000000012e436000,0x000000012e536000)]
  0x00007f9eca8dd800 JavaThread "Timer" [_thread_blocked, id=36635, stack(0x000000012ffc4000,0x00000001300c4000)]
=>0x00007f9ecabcf000 JavaThread "SimpleAsyncTaskExecutor-1" [_thread_in_native, id=69503, stack(0x000000012f9fc000,0x000000012fafc000)]
  0x00007f9eca0fc000 JavaThread "pool-1-thread-7" [_thread_blocked, id=36111, stack(0x000000012f8f9000,0x000000012f9f9000)]
  0x00007f9ecabca800 JavaThread "pool-1-thread-6" [_thread_blocked, id=34627, stack(0x000000012f7f6000,0x000000012f8f6000)]
  0x00007f9eca267800 JavaThread "pool-1-thread-5" [_thread_blocked, id=68867, stack(0x000000012edea000,0x000000012eeea000)]
  0x00007f9ecb2b0800 JavaThread "pool-1-thread-4" [_thread_blocked, id=68363, stack(0x000000012ece7000,0x000000012ede7000)]
  0x00007f9eca2f9800 JavaThread "pool-1-thread-3" [_thread_blocked, id=67875, stack(0x000000012ebe4000,0x000000012ece4000)]
  0x00007f9ecaa02000 JavaThread "pool-1-thread-2" [_thread_blocked, id=67119, stack(0x000000012eae1000,0x000000012ebe1000)]
  0x00007f9eca275000 JavaThread "pool-1-thread-1" [_thread_in_native, id=67691, stack(0x000000012e7de000,0x000000012e8de000)]
  0x00007f9ecb801800 JavaThread "DestroyJavaVM" [_thread_blocked, id=4867, stack(0x0000000111801000,0x0000000111901000)]
  0x00007f9ecac08000 JavaThread "LWJGL Application" [_thread_blocked, id=61959, stack(0x000000012cfb4000,0x000000012d0b4000)]
  0x00007f9ecab89800 JavaThread "AppKit Thread" daemon [_thread_in_native, id=1811, stack(0x00007fff58a46000,0x00007fff59246000)]
  0x00007f9eca06a800 JavaThread "Service Thread" daemon [_thread_blocked, id=18179, stack(0x000000012707e000,0x000000012717e000)]
  0x00007f9eca051800 JavaThread "C1 CompilerThread2" daemon [_thread_blocked, id=17667, stack(0x0000000126f7b000,0x000000012707b000)]
  0x00007f9eca04b800 JavaThread "C2 CompilerThread1" daemon [_thread_blocked, id=17155, stack(0x0000000126e78000,0x0000000126f78000)]
  0x00007f9ecb818800 JavaThread "C2 CompilerThread0" daemon [_thread_blocked, id=16643, stack(0x0000000126d75000,0x0000000126e75000)]
  0x00007f9ecb817800 JavaThread "Signal Dispatcher" daemon [_thread_blocked, id=13587, stack(0x0000000126c72000,0x0000000126d72000)]
  0x00007f9eca825800 JavaThread "Finalizer" daemon [_thread_blocked, id=11523, stack(0x00000001252c0000,0x00000001253c0000)]
  0x00007f9ecb814800 JavaThread "Reference Handler" daemon [_thread_blocked, id=11011, stack(0x00000001251bd000,0x00000001252bd000)]

Other Threads:
  0x00007f9ecb009000 VMThread [stack: 0x00000001250ba000,0x00000001251ba000] [id=10499]
  0x00007f9eca04e000 WatcherThread [stack: 0x0000000127181000,0x0000000127281000] [id=18691]

VM state:not at safepoint (normal execution)

VM Mutex/Monitor currently owned by a thread: None

Heap:
 PSYoungGen      total 22528K, used 9961K [0x00000007aab00000, 0x00000007ac700000, 0x00000007c0000000)
  eden space 16384K, 49% used [0x00000007aab00000,0x00000007ab2d9100,0x00000007abb00000)
  from space 6144K, 31% used [0x00000007abb00000,0x00000007abce1370,0x00000007ac100000)
  to   space 6144K, 0% used [0x00000007ac100000,0x00000007ac100000,0x00000007ac700000)
 ParOldGen       total 44032K, used 7090K [0x0000000780000000, 0x0000000782b00000, 0x00000007aab00000)
  object space 44032K, 16% used [0x0000000780000000,0x00000007806ec880,0x0000000782b00000)
 Metaspace       used 18049K, capacity 18353K, committed 18560K, reserved 1064960K
  class space    used 2001K, capacity 2083K, committed 2176K, reserved 1048576K

Card table byte_map: [0x0000000120d17000,0x0000000120f18000] byte_map_base: 0x000000011d117000

Marking Bits: (ParMarkBitMap*) 0x00000001108907a0
 Begin Bits: [0x000000012147a000, 0x000000012247a000)
 End Bits:   [0x000000012247a000, 0x000000012347a000)

Polling page: 0x00000001069d9000

CodeCache: size=245760Kb used=8008Kb max_used=8023Kb free=237751Kb
 bounds [0x0000000111957000, 0x0000000112147000, 0x0000000120957000]
 total_blobs=3079 nmethods=2577 adapters=415
 compilation: enabled

Compilation events (10 events):
Event: 360.770 Thread 0x00007f9eca051800 nmethod 2963 0x000000011212f010 code [0x000000011212f1c0, 0x000000011212f788]
Event: 360.770 Thread 0x00007f9eca051800 2964       3       newworldorder.client.model.Tile::hashCode (15 bytes)
Event: 360.770 Thread 0x00007f9eca051800 nmethod 2964 0x0000000112128c10 code [0x0000000112128d60, 0x0000000112128ed0]
Event: 360.770 Thread 0x00007f9eca051800 2965       3       newworldorder.client.model.Tile::cacheNeighbours (315 bytes)
Event: 360.770 Thread 0x00007f9eca04b800 2966       4       newworldorder.client.model.Tile::hashCode (15 bytes)
Event: 360.770 Thread 0x00007f9eca04b800 nmethod 2966 0x0000000111b13d10 code [0x0000000111b13e60, 0x0000000111b13ed8]
Event: 360.771 Thread 0x00007f9eca04b800 2967       4       java.lang.Integer::hashCode (8 bytes)
Event: 360.771 Thread 0x00007f9eca04b800 nmethod 2967 0x0000000111ead2d0 code [0x0000000111ead420, 0x0000000111ead478]
Event: 360.772 Thread 0x00007f9eca051800 nmethod 2965 0x000000011212d5d0 code [0x000000011212d8a0, 0x000000011212e878]
Event: 360.781 Thread 0x00007f9ecb818800 nmethod 2960 0x0000000112136450 code [0x0000000112136620, 0x00000001121375f8]

GC Heap History (10 events):
Event: 2.562 GC heap before
{Heap before GC invocations=3 (full 0):
 PSYoungGen      total 18944K, used 18928K [0x00000007aab00000, 0x00000007ac000000, 0x00000007c0000000)
  eden space 16384K, 100% used [0x00000007aab00000,0x00000007abb00000,0x00000007abb00000)
  from space 2560K, 99% used [0x00000007abd80000,0x00000007abffc0d0,0x00000007ac000000)
  to   space 2560K, 0% used [0x00000007abb00000,0x00000007abb00000,0x00000007abd80000)
 ParOldGen       total 44032K, used 499K [0x0000000780000000, 0x0000000782b00000, 0x00000007aab00000)
  object space 44032K, 1% used [0x0000000780000000,0x000000078007cfa8,0x0000000782b00000)
 Metaspace       used 9959K, capacity 10056K, committed 10240K, reserved 1058816K
  class space    used 1201K, capacity 1238K, committed 1280K, reserved 1048576K
Event: 2.570 GC heap after
Heap after GC invocations=3 (full 0):
 PSYoungGen      total 18944K, used 2544K [0x00000007aab00000, 0x00000007ac000000, 0x00000007c0000000)
  eden space 16384K, 0% used [0x00000007aab00000,0x00000007aab00000,0x00000007abb00000)
  from space 2560K, 99% used [0x00000007abb00000,0x00000007abd7c010,0x00000007abd80000)
  to   space 2560K, 0% used [0x00000007abd80000,0x00000007abd80000,0x00000007ac000000)
 ParOldGen       total 44032K, used 1407K [0x0000000780000000, 0x0000000782b00000, 0x00000007aab00000)
  object space 44032K, 3% used [0x0000000780000000,0x000000078015ff50,0x0000000782b00000)
 Metaspace       used 9959K, capacity 10056K, committed 10240K, reserved 1058816K
  class space    used 1201K, capacity 1238K, committed 1280K, reserved 1048576K
}
Event: 4.282 GC heap before
{Heap before GC invocations=4 (full 0):
 PSYoungGen      total 18944K, used 18928K [0x00000007aab00000, 0x00000007ac000000, 0x00000007c0000000)
  eden space 16384K, 100% used [0x00000007aab00000,0x00000007abb00000,0x00000007abb00000)
  from space 2560K, 99% used [0x00000007abb00000,0x00000007abd7c010,0x00000007abd80000)
  to   space 2560K, 0% used [0x00000007abd80000,0x00000007abd80000,0x00000007ac000000)
 ParOldGen       total 44032K, used 1407K [0x0000000780000000, 0x0000000782b00000, 0x00000007aab00000)
  object space 44032K, 3% used [0x0000000780000000,0x000000078015ff50,0x0000000782b00000)
 Metaspace       used 14044K, capacity 14205K, committed 14464K, reserved 1062912K
  class space    used 1573K, capacity 1629K, committed 1664K, reserved 1048576K
Event: 4.291 GC heap after
Heap after GC invocations=4 (full 0):
 PSYoungGen      total 18944K, used 2544K [0x00000007aab00000, 0x00000007ac000000, 0x00000007c0000000)
  eden space 16384K, 0% used [0x00000007aab00000,0x00000007aab00000,0x00000007abb00000)
  from space 2560K, 99% used [0x00000007abd80000,0x00000007abffc010,0x00000007ac000000)
  to   space 2560K, 0% used [0x00000007abb00000,0x00000007abb00000,0x00000007abd80000)
 ParOldGen       total 44032K, used 3879K [0x0000000780000000, 0x0000000782b00000, 0x00000007aab00000)
  object space 44032K, 8% used [0x0000000780000000,0x00000007803c9e20,0x0000000782b00000)
 Metaspace       used 14044K, capacity 14205K, committed 14464K, reserved 1062912K
  class space    used 1573K, capacity 1629K, committed 1664K, reserved 1048576K
}
Event: 17.210 GC heap before
{Heap before GC invocations=5 (full 0):
 PSYoungGen      total 18944K, used 18928K [0x00000007aab00000, 0x00000007ac000000, 0x00000007c0000000)
  eden space 16384K, 100% used [0x00000007aab00000,0x00000007abb00000,0x00000007abb00000)
  from space 2560K, 99% used [0x00000007abd80000,0x00000007abffc010,0x00000007ac000000)
  to   space 2560K, 0% used [0x00000007abb00000,0x00000007abb00000,0x00000007abd80000)
 ParOldGen       total 44032K, used 3879K [0x0000000780000000, 0x0000000782b00000, 0x00000007aab00000)
  object space 44032K, 8% used [0x0000000780000000,0x00000007803c9e20,0x0000000782b00000)
 Metaspace       used 17009K, capacity 17217K, committed 17408K, reserved 1064960K
  class space    used 1922K, capacity 1987K, committed 2048K, reserved 1048576K
Event: 17.220 GC heap after
Heap after GC invocations=5 (full 0):
 PSYoungGen      total 18944K, used 2532K [0x00000007aab00000, 0x00000007ac700000, 0x00000007c0000000)
  eden space 16384K, 0% used [0x00000007aab00000,0x00000007aab00000,0x00000007abb00000)
  from space 2560K, 98% used [0x00000007abb00000,0x00000007abd79370,0x00000007abd80000)
  to   space 6144K, 0% used [0x00000007ac100000,0x00000007ac100000,0x00000007ac700000)
 ParOldGen       total 44032K, used 6319K [0x0000000780000000, 0x0000000782b00000, 0x00000007aab00000)
  object space 44032K, 14% used [0x0000000780000000,0x000000078062bf88,0x0000000782b00000)
 Metaspace       used 17009K, capacity 17217K, committed 17408K, reserved 1064960K
  class space    used 1922K, capacity 1987K, committed 2048K, reserved 1048576K
}
Event: 135.443 GC heap before
{Heap before GC invocations=6 (full 0):
 PSYoungGen      total 18944K, used 18916K [0x00000007aab00000, 0x00000007ac700000, 0x00000007c0000000)
  eden space 16384K, 100% used [0x00000007aab00000,0x00000007abb00000,0x00000007abb00000)
  from space 2560K, 98% used [0x00000007abb00000,0x00000007abd79370,0x00000007abd80000)
  to   space 6144K, 0% used [0x00000007ac100000,0x00000007ac100000,0x00000007ac700000)
 ParOldGen       total 44032K, used 6319K [0x0000000780000000, 0x0000000782b00000, 0x00000007aab00000)
  object space 44032K, 14% used [0x0000000780000000,0x000000078062bf88,0x0000000782b00000)
 Metaspace       used 17704K, capacity 17979K, committed 18304K, reserved 1064960K
  class space    used 1986K, capacity 2074K, committed 2176K, reserved 1048576K
Event: 135.462 GC heap after
Heap after GC invocations=6 (full 0):
 PSYoungGen      total 22528K, used 2756K [0x00000007aab00000, 0x00000007ac700000, 0x00000007c0000000)
  eden space 16384K, 0% used [0x00000007aab00000,0x00000007aab00000,0x00000007abb00000)
  from space 6144K, 44% used [0x00000007ac100000,0x00000007ac3b1390,0x00000007ac700000)
  to   space 6144K, 0% used [0x00000007abb00000,0x00000007abb00000,0x00000007ac100000)
 ParOldGen       total 44032K, used 6327K [0x0000000780000000, 0x0000000782b00000, 0x00000007aab00000)
  object space 44032K, 14% used [0x0000000780000000,0x000000078062df88,0x0000000782b00000)
 Metaspace       used 17704K, capacity 17979K, committed 18304K, reserved 1064960K
  class space    used 1986K, capacity 2074K, committed 2176K, reserved 1048576K
}
Event: 298.834 GC heap before
{Heap before GC invocations=7 (full 0):
 PSYoungGen      total 22528K, used 19140K [0x00000007aab00000, 0x00000007ac700000, 0x00000007c0000000)
  eden space 16384K, 100% used [0x00000007aab00000,0x00000007abb00000,0x00000007abb00000)
  from space 6144K, 44% used [0x00000007ac100000,0x00000007ac3b1390,0x00000007ac700000)
  to   space 6144K, 0% used [0x00000007abb00000,0x00000007abb00000,0x00000007ac100000)
 ParOldGen       total 44032K, used 6327K [0x0000000780000000, 0x0000000782b00000, 0x00000007aab00000)
  object space 44032K, 14% used [0x0000000780000000,0x000000078062df88,0x0000000782b00000)
 Metaspace       used 17876K, capacity 18113K, committed 18304K, reserved 1064960K
  class space    used 1987K, capacity 2075K, committed 2176K, reserved 1048576K
Event: 298.847 GC heap after
Heap after GC invocations=7 (full 0):
 PSYoungGen      total 22528K, used 1924K [0x00000007aab00000, 0x00000007ac700000, 0x00000007c0000000)
  eden space 16384K, 0% used [0x00000007aab00000,0x00000007aab00000,0x00000007abb00000)
  from space 6144K, 31% used [0x00000007abb00000,0x00000007abce1370,0x00000007ac100000)
  to   space 6144K, 0% used [0x00000007ac100000,0x00000007ac100000,0x00000007ac700000)
 ParOldGen       total 44032K, used 7090K [0x0000000780000000, 0x0000000782b00000, 0x00000007aab00000)
  object space 44032K, 16% used [0x0000000780000000,0x00000007806ec880,0x0000000782b00000)
 Metaspace       used 17876K, capacity 18113K, committed 18304K, reserved 1064960K
  class space    used 1987K, capacity 2075K, committed 2176K, reserved 1048576K
}

Deoptimization events (10 events):
Event: 305.033 Thread 0x00007f9ecac08000 Uncommon trap: reason=unstable_if action=reinterpret pc=0x0000000112091050 method=com.badlogic.gdx.scenes.scene2d.ui.ScrollPane.hit(FFZ)Lcom/badlogic/gdx/scenes/scene2d/Actor; @ 27
Event: 305.330 Thread 0x00007f9ecac08000 Uncommon trap: reason=class_check action=maybe_recompile pc=0x00000001120198b4 method=com.badlogic.gdx.scenes.scene2d.Actor.act(F)V @ 79
Event: 308.765 Thread 0x00007f9ecac08000 Uncommon trap: reason=unstable_if action=reinterpret pc=0x0000000111ac2dc0 method=com.badlogic.gdx.utils.OrderedSet$OrderedSetIterator.reset()V @ 13
Event: 308.765 Thread 0x00007f9ecac08000 Uncommon trap: reason=unstable_if action=reinterpret pc=0x0000000111a7262c method=com.badlogic.gdx.utils.OrderedSet$OrderedSetIterator.reset()V @ 13
Event: 342.412 Thread 0x00007f9ecac08000 Uncommon trap: reason=unstable_if action=reinterpret pc=0x0000000111aa36ac method=com.badlogic.gdx.scenes.scene2d.ui.Button.draw(Lcom/badlogic/gdx/graphics/g2d/Batch;F)V @ 348
Event: 349.561 Thread 0x00007f9ecac08000 Uncommon trap: reason=unstable_if action=reinterpret pc=0x00000001120828e0 method=newworldorder.client.controller.ClientController.acceptedPartyInvite()Z @ 46
Event: 349.563 Thread 0x00007f9ecac08000 Uncommon trap: reason=bimorphic action=maybe_recompile pc=0x0000000111a68c30 method=com.badlogic.gdx.scenes.scene2d.ui.WidgetGroup.pack()V @ 6
Event: 353.688 Thread 0x00007f9ecac08000 Uncommon trap: reason=unstable_if action=reinterpret pc=0x0000000111fd3a0c method=com.badlogic.gdx.scenes.scene2d.ui.List.setItems(Lcom/badlogic/gdx/utils/Array;)V @ 65
Event: 360.512 Thread 0x00007f9ecabcf000 Uncommon trap: reason=unstable_if action=reinterpret pc=0x0000000111faac1c method=java.io.ByteArrayInputStream.read([BII)I @ 63
Event: 360.785 Thread 0x00007f9ecac08000 Uncommon trap: reason=bimorphic action=maybe_recompile pc=0x000000011209d478 method=com.badlogic.gdx.Game.render()V @ 19

Internal exceptions (10 events):
Event: 3.599 Thread 0x00007f9ecb801800 Exception <a 'java/security/PrivilegedActionException'> (0x00000007aafbf4c0) thrown at [/Users/java_re/workspace/8-2-build-macosx-x86_64/jdk8u40/2855/hotspot/src/share/vm/prims/jvm.cpp, line 1382]
Event: 3.599 Thread 0x00007f9ecb801800 Exception <a 'java/security/PrivilegedActionException'> (0x00000007aafc0068) thrown at [/Users/java_re/workspace/8-2-build-macosx-x86_64/jdk8u40/2855/hotspot/src/share/vm/prims/jvm.cpp, line 1382]
Event: 3.599 Thread 0x00007f9ecb801800 Exception <a 'java/security/PrivilegedActionException'> (0x00000007aafc0be0) thrown at [/Users/java_re/workspace/8-2-build-macosx-x86_64/jdk8u40/2855/hotspot/src/share/vm/prims/jvm.cpp, line 1382]
Event: 3.795 Thread 0x00007f9ecab89800 Exception <a 'java/lang/NoSuchFieldError': method resolution failed> (0x00000007ab31f368) thrown at [/Users/java_re/workspace/8-2-build-macosx-x86_64/jdk8u40/2855/hotspot/src/share/vm/prims/methodHandles.cpp, line 1125]
Event: 3.801 Thread 0x00007f9ecab89800 Exception <a 'java/lang/NoSuchFieldError': method resolution failed> (0x00000007ab32da88) thrown at [/Users/java_re/workspace/8-2-build-macosx-x86_64/jdk8u40/2855/hotspot/src/share/vm/prims/methodHandles.cpp, line 1125]
Event: 9.347 Thread 0x00007f9ecac08000 Exception <a 'java/io/FileNotFoundException'> (0x00000007ab146418) thrown at [/Users/java_re/workspace/8-2-build-macosx-x86_64/jdk8u40/2855/hotspot/src/share/vm/prims/jni.cpp, line 709]
Event: 35.731 Thread 0x00007f9ecac08000 Implicit null exception at 0x0000000111a95a82 to 0x0000000111a95f11
Event: 36.098 Thread 0x00007f9ecac08000 Implicit null exception at 0x0000000111aa59f4 to 0x0000000111aa5d5d
Event: 36.465 Thread 0x00007f9ecac08000 Implicit null exception at 0x0000000111aa1ab3 to 0x0000000111aa1d0d
Event: 360.785 Thread 0x00007f9ecac08000 Exception <a 'java/lang/NullPointerException'> (0x00000007ab1758f0) thrown at [/Users/java_re/workspace/8-2-build-macosx-x86_64/jdk8u40/2855/hotspot/src/share/vm/interpreter/linkResolver.cpp, line 1178]

Events (10 events):
Event: 360.711 Executing VM operation: RevokeBias
Event: 360.712 Executing VM operation: RevokeBias done
Event: 360.725 Thread 0x00007f9eca04b800 flushing nmethod 0x0000000111e8cdd0
Event: 360.726 Thread 0x00007f9eca051800 flushing nmethod 0x0000000111eedad0
Event: 360.726 Thread 0x00007f9eca051800 flushing nmethod 0x0000000111eee690
Event: 360.734 Thread 0x00007f9eca051800 flushing nmethod 0x000000011205d7d0
Event: 360.785 Thread 0x00007f9ecac08000 Uncommon trap: trap_request=0xffffffc6 fr.pc=0x000000011209d478
Event: 360.785 Thread 0x00007f9ecac08000 DEOPT PACKING pc=0x000000011209d478 sp=0x000000012d0b37f0
Event: 360.785 Thread 0x00007f9ecac08000 DEOPT UNPACKING pc=0x000000011195c229 sp=0x000000012d0b3778 mode 2
Event: 360.785 Thread 0x00007f9ecb914800 Thread added: 0x00007f9ecb914800


Dynamic libraries:
0x00000001069da000 	/System/Library/Frameworks/Cocoa.framework/Versions/A/Cocoa
0x00000001069de000 	/System/Library/Frameworks/Security.framework/Versions/A/Security
0x0000000106d9c000 	/System/Library/Frameworks/ApplicationServices.framework/Versions/A/ApplicationServices
0x0000000106da2000 	/usr/lib/libz.1.dylib
0x0000000106dba000 	/usr/lib/libSystem.B.dylib
0x0000000106dc4000 	/usr/lib/libobjc.A.dylib
0x0000000106fec000 	/System/Library/Frameworks/CoreFoundation.framework/Versions/A/CoreFoundation
0x000000010750b000 	/System/Library/Frameworks/Foundation.framework/Versions/C/Foundation
0x0000000107a8e000 	/System/Library/Frameworks/AppKit.framework/Versions/C/AppKit
0x0000000108dc7000 	/System/Library/Frameworks/CoreData.framework/Versions/A/CoreData
0x0000000109180000 	/System/Library/PrivateFrameworks/RemoteViewServices.framework/Versions/A/RemoteViewServices
0x00000001091f3000 	/System/Library/PrivateFrameworks/UIFoundation.framework/Versions/A/UIFoundation
0x00000001093b9000 	/System/Library/Frameworks/IOSurface.framework/Versions/A/IOSurface
0x00000001093cb000 	/System/Library/Frameworks/AudioToolbox.framework/Versions/A/AudioToolbox
0x00000001095d3000 	/System/Library/Frameworks/AudioUnit.framework/Versions/A/AudioUnit
0x00000001095de000 	/System/Library/PrivateFrameworks/DataDetectorsCore.framework/Versions/A/DataDetectorsCore
0x0000000109686000 	/System/Library/PrivateFrameworks/DesktopServicesPriv.framework/Versions/A/DesktopServicesPriv
0x000000010981c000 	/System/Library/Frameworks/Carbon.framework/Versions/A/Frameworks/HIToolbox.framework/Versions/A/HIToolbox
0x0000000109ca0000 	/System/Library/Frameworks/QuartzCore.framework/Versions/A/QuartzCore
0x0000000109f30000 	/System/Library/Frameworks/Carbon.framework/Versions/A/Frameworks/SpeechRecognition.framework/Versions/A/SpeechRecognition
0x0000000109f42000 	/usr/lib/libauto.dylib
0x0000000109fa3000 	/usr/lib/libicucore.A.dylib
0x000000010a249000 	/usr/lib/libxml2.2.dylib
0x000000010a376000 	/System/Library/PrivateFrameworks/CoreUI.framework/Versions/A/CoreUI
0x000000010a5b6000 	/System/Library/Frameworks/CoreAudio.framework/Versions/A/CoreAudio
0x000000010a62d000 	/System/Library/Frameworks/DiskArbitration.framework/Versions/A/DiskArbitration
0x000000010a641000 	/usr/lib/liblangid.dylib
0x000000010a647000 	/System/Library/PrivateFrameworks/MultitouchSupport.framework/Versions/A/MultitouchSupport
0x000000010a66e000 	/System/Library/Frameworks/IOKit.framework/Versions/A/IOKit
0x000000010a71f000 	/usr/lib/libDiagnosticMessagesClient.dylib
0x000000010a727000 	/System/Library/Frameworks/CoreServices.framework/Versions/A/CoreServices
0x000000010a72f000 	/System/Library/PrivateFrameworks/PerformanceAnalysis.framework/Versions/A/PerformanceAnalysis
0x000000010a832000 	/System/Library/PrivateFrameworks/GenerationalStorage.framework/Versions/A/GenerationalStorage
0x000000010a867000 	/System/Library/Frameworks/OpenGL.framework/Versions/A/OpenGL
0x000000010a882000 	/System/Library/PrivateFrameworks/Sharing.framework/Versions/A/Sharing
0x000000010a8d5000 	/System/Library/Frameworks/CoreGraphics.framework/Versions/A/CoreGraphics
0x000000010b26e000 	/System/Library/Frameworks/CoreText.framework/Versions/A/CoreText
0x000000010b426000 	/System/Library/Frameworks/ImageIO.framework/Versions/A/ImageIO
0x000000010b5d5000 	/usr/lib/libextension.dylib
0x000000010b613000 	/System/Library/PrivateFrameworks/Backup.framework/Versions/A/Backup
0x000000010b772000 	/usr/lib/libarchive.2.dylib
0x000000010b7ae000 	/System/Library/Frameworks/CFNetwork.framework/Versions/A/CFNetwork
0x000000010bb39000 	/System/Library/Frameworks/SystemConfiguration.framework/Versions/A/SystemConfiguration
0x000000010bbf3000 	/usr/lib/libCRFSuite.dylib
0x000000010bc1c000 	/usr/lib/libc++.1.dylib
0x000000010bccd000 	/usr/lib/libc++abi.dylib
0x000000010bd0a000 	/usr/lib/system/libcache.dylib
0x000000010bd15000 	/usr/lib/system/libcommonCrypto.dylib
0x000000010bd2f000 	/usr/lib/system/libcompiler_rt.dylib
0x000000010bd45000 	/usr/lib/system/libcopyfile.dylib
0x000000010bd56000 	/usr/lib/system/libcorecrypto.dylib
0x000000010be06000 	/usr/lib/system/libdispatch.dylib
0x000000010be5c000 	/usr/lib/system/libdyld.dylib
0x000000010be6c000 	/usr/lib/system/libkeymgr.dylib
0x000000010be71000 	/usr/lib/system/liblaunch.dylib
0x000000010be79000 	/usr/lib/system/libmacho.dylib
0x000000010be8b000 	/usr/lib/system/libquarantine.dylib
0x000000010be94000 	/usr/lib/system/libremovefile.dylib
0x000000010be9e000 	/usr/lib/system/libsystem_asl.dylib
0x000000010bec4000 	/usr/lib/system/libsystem_blocks.dylib
0x000000010becb000 	/usr/lib/system/libsystem_c.dylib
0x000000010bf85000 	/usr/lib/system/libsystem_configuration.dylib
0x000000010bf90000 	/usr/lib/system/libsystem_coreservices.dylib
0x000000010bf98000 	/usr/lib/system/libsystem_coretls.dylib
0x000000010bfbd000 	/usr/lib/system/libsystem_dnssd.dylib
0x000000010bfcb000 	/usr/lib/system/libsystem_info.dylib
0x000000010c010000 	/usr/lib/system/libsystem_kernel.dylib
0x000000010c04a000 	/usr/lib/system/libsystem_m.dylib
0x000000010c08d000 	/usr/lib/system/libsystem_malloc.dylib
0x000000010c0ba000 	/usr/lib/system/libsystem_network.dylib
0x000000010c11b000 	/usr/lib/system/libsystem_networkextension.dylib
0x000000010c12d000 	/usr/lib/system/libsystem_notify.dylib
0x000000010c145000 	/usr/lib/system/libsystem_platform.dylib
0x000000010c156000 	/usr/lib/system/libsystem_pthread.dylib
0x000000010c16b000 	/usr/lib/system/libsystem_sandbox.dylib
0x000000010c175000 	/usr/lib/system/libsystem_secinit.dylib
0x000000010c17f000 	/usr/lib/system/libsystem_stats.dylib
0x000000010c18d000 	/usr/lib/system/libsystem_trace.dylib
0x000000010c1a3000 	/usr/lib/system/libunc.dylib
0x000000010c1a7000 	/usr/lib/system/libunwind.dylib
0x000000010c1b3000 	/usr/lib/system/libxpc.dylib
0x000000010c1fd000 	/usr/lib/libbz2.1.0.dylib
0x000000010c212000 	/usr/lib/liblzma.5.dylib
0x000000010c23a000 	/usr/lib/libbsm.0.dylib
0x000000010c256000 	/usr/lib/libsqlite3.dylib
0x000000010c3b8000 	/usr/lib/system/libkxld.dylib
0x000000010c3ce000 	/usr/lib/libxar.1.dylib
0x000000010c3e4000 	/usr/lib/libpam.2.dylib
0x000000010c3f4000 	/usr/lib/libOpenScriptingUtil.dylib
0x000000010c3fb000 	/System/Library/Frameworks/CoreServices.framework/Versions/A/Frameworks/FSEvents.framework/Versions/A/FSEvents
0x000000010c40d000 	/System/Library/Frameworks/CoreServices.framework/Versions/A/Frameworks/CarbonCore.framework/Versions/A/CarbonCore
0x000000010bf72000 	/System/Library/Frameworks/CoreServices.framework/Versions/A/Frameworks/Metadata.framework/Versions/A/Metadata
0x000000010c87d000 	/System/Library/Frameworks/CoreServices.framework/Versions/A/Frameworks/OSServices.framework/Versions/A/OSServices
0x000000010c951000 	/System/Library/Frameworks/CoreServices.framework/Versions/A/Frameworks/SearchKit.framework/Versions/A/SearchKit
0x000000010ca09000 	/System/Library/Frameworks/CoreServices.framework/Versions/A/Frameworks/AE.framework/Versions/A/AE
0x000000010ca9b000 	/System/Library/Frameworks/CoreServices.framework/Versions/A/Frameworks/LaunchServices.framework/Versions/A/LaunchServices
0x000000010cc6c000 	/System/Library/Frameworks/CoreServices.framework/Versions/A/Frameworks/DictionaryServices.framework/Versions/A/DictionaryServices
0x000000010ccc1000 	/System/Library/Frameworks/NetFS.framework/Versions/A/NetFS
0x000000010ccd0000 	/System/Library/PrivateFrameworks/NetAuth.framework/Versions/A/NetAuth
0x000000010cce7000 	/System/Library/PrivateFrameworks/login.framework/Versions/A/Frameworks/loginsupport.framework/Versions/A/loginsupport
0x000000010ccf2000 	/System/Library/PrivateFrameworks/TCC.framework/Versions/A/TCC
0x000000010cd00000 	/usr/lib/libmecabra.dylib
0x000000010d09b000 	/System/Library/Frameworks/ApplicationServices.framework/Versions/A/Frameworks/ATS.framework/Versions/A/ATS
0x000000010d13f000 	/System/Library/Frameworks/ApplicationServices.framework/Versions/A/Frameworks/ColorSync.framework/Versions/A/ColorSync
0x000000010d21e000 	/System/Library/Frameworks/ApplicationServices.framework/Versions/A/Frameworks/HIServices.framework/Versions/A/HIServices
0x000000010d29f000 	/System/Library/Frameworks/ApplicationServices.framework/Versions/A/Frameworks/LangAnalysis.framework/Versions/A/LangAnalysis
0x00000000131c2000 	/System/Library/Frameworks/ApplicationServices.framework/Versions/A/Frameworks/PrintCore.framework/Versions/A/PrintCore
0x000000010d340000 	/System/Library/Frameworks/ApplicationServices.framework/Versions/A/Frameworks/QD.framework/Versions/A/QD
0x000000010d39c000 	/System/Library/Frameworks/ApplicationServices.framework/Versions/A/Frameworks/SpeechSynthesis.framework/Versions/A/SpeechSynthesis
0x000000010d3bd000 	/System/Library/Frameworks/Accelerate.framework/Versions/A/Accelerate
0x000000010d3c6000 	/System/Library/Frameworks/Accelerate.framework/Versions/A/Frameworks/vImage.framework/Versions/A/vImage
0x000000010d876000 	/System/Library/Frameworks/Accelerate.framework/Versions/A/Frameworks/vecLib.framework/Versions/A/vecLib
0x000000010d87c000 	/System/Library/Frameworks/Accelerate.framework/Versions/A/Frameworks/vecLib.framework/Versions/A/libvDSP.dylib
0x000000010d99f000 	/System/Library/Frameworks/Accelerate.framework/Versions/A/Frameworks/vecLib.framework/Versions/A/libvMisc.dylib
0x000000010da6f000 	/System/Library/Frameworks/Accelerate.framework/Versions/A/Frameworks/vecLib.framework/Versions/A/libLAPACK.dylib
0x000000010dee5000 	/System/Library/Frameworks/Accelerate.framework/Versions/A/Frameworks/vecLib.framework/Versions/A/libBLAS.dylib
0x000000010e0a1000 	/System/Library/Frameworks/Accelerate.framework/Versions/A/Frameworks/vecLib.framework/Versions/A/libLinearAlgebra.dylib
0x000000010e0c2000 	/System/Library/Frameworks/ApplicationServices.framework/Versions/A/Frameworks/ATS.framework/Versions/A/Resources/libFontParser.dylib
0x000000010e233000 	/System/Library/Frameworks/ApplicationServices.framework/Versions/A/Frameworks/ATS.framework/Versions/A/Resources/libFontRegistry.dylib
0x000000010e2a0000 	/System/Library/PrivateFrameworks/AppleVPA.framework/Versions/A/AppleVPA
0x000000010e2c9000 	/System/Library/PrivateFrameworks/AppleJPEG.framework/Versions/A/AppleJPEG
0x000000010e3d6000 	/System/Library/Frameworks/ImageIO.framework/Versions/A/Resources/libJPEG.dylib
0x000000010e408000 	/System/Library/Frameworks/ImageIO.framework/Versions/A/Resources/libTIFF.dylib
0x000000010e473000 	/System/Library/Frameworks/ImageIO.framework/Versions/A/Resources/libPng.dylib
0x000000010e4a2000 	/System/Library/Frameworks/ImageIO.framework/Versions/A/Resources/libGIF.dylib
0x000000010e4b0000 	/System/Library/Frameworks/ImageIO.framework/Versions/A/Resources/libJP2.dylib
0x000000010e5d3000 	/System/Library/Frameworks/ImageIO.framework/Versions/A/Resources/libRadiance.dylib
0x000000010e5da000 	/System/Library/Frameworks/CoreVideo.framework/Versions/A/CoreVideo
0x000000010e62a000 	/System/Library/Frameworks/OpenGL.framework/Versions/A/Libraries/libGLU.dylib
0x000000010e67c000 	/System/Library/Frameworks/OpenGL.framework/Versions/A/Libraries/libGFXShared.dylib
0x000000010e691000 	/System/Library/Frameworks/OpenGL.framework/Versions/A/Libraries/libGL.dylib
0x000000010e6b0000 	/System/Library/Frameworks/OpenGL.framework/Versions/A/Libraries/libGLImage.dylib
0x000000010e6f8000 	/System/Library/Frameworks/OpenGL.framework/Versions/A/Libraries/libCVMSPluginSupport.dylib
0x000000010e703000 	/System/Library/Frameworks/OpenGL.framework/Versions/A/Libraries/libCoreVMClient.dylib
0x000000010e711000 	/usr/lib/libcups.2.dylib
0x000000010e77b000 	/System/Library/Frameworks/Kerberos.framework/Versions/A/Kerberos
0x000000010e7b1000 	/System/Library/Frameworks/GSS.framework/Versions/A/GSS
0x000000010e803000 	/usr/lib/libresolv.9.dylib
0x000000010e82b000 	/usr/lib/libiconv.2.dylib
0x000000010e931000 	/System/Library/PrivateFrameworks/Heimdal.framework/Versions/A/Heimdal
0x000000010e9d4000 	/usr/lib/libheimdal-asn1.dylib
0x000000010e9e5000 	/System/Library/Frameworks/OpenDirectory.framework/Versions/A/OpenDirectory
0x000000010ea0b000 	/System/Library/PrivateFrameworks/CommonAuth.framework/Versions/A/CommonAuth
0x000000010ea20000 	/System/Library/Frameworks/OpenDirectory.framework/Versions/A/Frameworks/CFOpenDirectory.framework/Versions/A/CFOpenDirectory
0x000000010ea5c000 	/System/Library/Frameworks/SecurityFoundation.framework/Versions/A/SecurityFoundation
0x000000010eb15000 	/System/Library/PrivateFrameworks/LanguageModeling.framework/Versions/A/LanguageModeling
0x000000010eb84000 	/usr/lib/libcmph.dylib
0x000000010eba6000 	/System/Library/Frameworks/ServiceManagement.framework/Versions/A/ServiceManagement
0x000000010ebb3000 	/usr/lib/libxslt.1.dylib
0x000000010ebef000 	/System/Library/Frameworks/Carbon.framework/Versions/A/Frameworks/Ink.framework/Versions/A/Ink
0x000000010ecba000 	/System/Library/Frameworks/QuartzCore.framework/Versions/A/Frameworks/CoreImage.framework/Versions/A/CoreImage
0x000000010f0dd000 	/System/Library/PrivateFrameworks/CrashReporterSupport.framework/Versions/A/CrashReporterSupport
0x000000010f0fa000 	/System/Library/Frameworks/OpenCL.framework/Versions/A/OpenCL
0x000000010f166000 	/System/Library/PrivateFrameworks/FaceCore.framework/Versions/A/FaceCore
0x000000010f7b0000 	/System/Library/PrivateFrameworks/Ubiquity.framework/Versions/A/Ubiquity
0x000000010f7dd000 	/System/Library/PrivateFrameworks/IconServices.framework/Versions/A/IconServices
0x000000010f823000 	/System/Library/PrivateFrameworks/ChunkingLibrary.framework/Versions/A/ChunkingLibrary
0x000000010f859000 	/System/Library/PrivateFrameworks/Apple80211.framework/Versions/A/Apple80211
0x000000010f88b000 	/System/Library/Frameworks/CoreWLAN.framework/Versions/A/CoreWLAN
0x000000010f946000 	/System/Library/Frameworks/IOBluetooth.framework/Versions/A/IOBluetooth
0x000000010fa6a000 	/System/Library/PrivateFrameworks/CoreWiFi.framework/Versions/A/CoreWiFi
0x000000010fb35000 	/System/Library/Frameworks/CoreBluetooth.framework/Versions/A/CoreBluetooth
0x000000010fb63000 	/System/Library/PrivateFrameworks/DebugSymbols.framework/Versions/A/DebugSymbols
0x000000010fbbc000 	/System/Library/PrivateFrameworks/CoreSymbolication.framework/Versions/A/CoreSymbolication
0x000000010fc61000 	/System/Library/PrivateFrameworks/Symbolication.framework/Versions/A/Symbolication
0x000000010fcce000 	/System/Library/PrivateFrameworks/SpeechRecognitionCore.framework/Versions/A/SpeechRecognitionCore
0x000000010ffce000 	/Library/Java/JavaVirtualMachines/jdk1.8.0_40.jdk/Contents/Home/jre/lib/server/libjvm.dylib
0x0000000110f4a000 	/usr/lib/libstdc++.6.dylib
0x0000000111903000 	/Library/Java/JavaVirtualMachines/jdk1.8.0_40.jdk/Contents/Home/jre/lib/libverify.dylib
0x0000000111911000 	/Library/Java/JavaVirtualMachines/jdk1.8.0_40.jdk/Contents/Home/jre/lib/libjava.dylib
0x000000011194e000 	/Library/Java/JavaVirtualMachines/jdk1.8.0_40.jdk/Contents/Home/jre/lib/libzip.dylib
0x00000001253c2000 	/System/Library/Frameworks/JavaVM.framework/Frameworks/JavaRuntimeSupport.framework/JavaRuntimeSupport
0x00000001253da000 	/System/Library/Frameworks/JavaVM.framework/Versions/A/Frameworks/JavaNativeFoundation.framework/Versions/A/JavaNativeFoundation
0x00000001253ef000 	/System/Library/Frameworks/JavaVM.framework/Versions/A/JavaVM
0x0000000106d9f000 	/System/Library/Frameworks/Carbon.framework/Versions/A/Carbon
0x00000001253fc000 	/System/Library/PrivateFrameworks/JavaLaunching.framework/Versions/A/JavaLaunching
0x0000000125408000 	/System/Library/Frameworks/Carbon.framework/Versions/A/Frameworks/CommonPanels.framework/Versions/A/CommonPanels
0x0000000125413000 	/System/Library/Frameworks/Carbon.framework/Versions/A/Frameworks/Help.framework/Versions/A/Help
0x000000012541c000 	/System/Library/Frameworks/Carbon.framework/Versions/A/Frameworks/ImageCapture.framework/Versions/A/ImageCapture
0x0000000125449000 	/System/Library/Frameworks/Carbon.framework/Versions/A/Frameworks/OpenScripting.framework/Versions/A/OpenScripting
0x00000000a42c0000 	/System/Library/Frameworks/Carbon.framework/Versions/A/Frameworks/Print.framework/Versions/A/Print
0x000000010b41f000 	/System/Library/Frameworks/Carbon.framework/Versions/A/Frameworks/SecurityHI.framework/Versions/A/SecurityHI
0x00000001275e1000 	/private/var/folders/jq/n3sk1sgd6419qvlvj66w372h0000gn/T/libgdxevanmcilroy/d8ae55ed/libgdx64.dylib
0x0000000127b80000 	/Library/Java/JavaVirtualMachines/jdk1.8.0_40.jdk/Contents/Home/jre/lib/libawt.dylib
0x0000000127c28000 	/Library/Java/JavaVirtualMachines/jdk1.8.0_40.jdk/Contents/Home/jre/lib/./libmlib_image.dylib
0x0000000127cf4000 	/Library/Java/JavaVirtualMachines/jdk1.8.0_40.jdk/Contents/Home/jre/lib/libawt_lwawt.dylib
0x0000000127322000 	/Library/Java/JavaVirtualMachines/jdk1.8.0_40.jdk/Contents/Home/jre/lib/./libosxapp.dylib
0x000000010c043000 	/System/Library/Frameworks/ExceptionHandling.framework/Versions/A/ExceptionHandling
0x0000000127e2b000 	/System/Library/PrivateFrameworks/CoreServicesInternal.framework/CoreServicesInternal
0x00000001290f0000 	/System/Library/PrivateFrameworks/CloudDocs.framework/CloudDocs
0x0000000129169000 	/System/Library/PrivateFrameworks/CoreDuet.framework/Versions/A/CoreDuet
0x000000012919b000 	/System/Library/Frameworks/CloudKit.framework/Versions/A/CloudKit
0x00000001292b0000 	/System/Library/PrivateFrameworks/ProtocolBuffer.framework/Versions/A/ProtocolBuffer
0x00000001292cb000 	/System/Library/PrivateFrameworks/CoreDuetDaemonProtocol.framework/Versions/A/CoreDuetDaemonProtocol
0x000000010b268000 	/System/Library/PrivateFrameworks/CoreDuetDebugLogging.framework/Versions/A/CoreDuetDebugLogging
0x00000001292eb000 	/System/Library/Frameworks/CoreLocation.framework/Versions/A/CoreLocation
0x0000000129354000 	/System/Library/Frameworks/Accounts.framework/Versions/A/Accounts
0x00000001293ab000 	/System/Library/PrivateFrameworks/ApplePushService.framework/Versions/A/ApplePushService
0x00000001293e2000 	/System/Library/PrivateFrameworks/GeoServices.framework/Versions/A/GeoServices
0x000000012989d000 	/System/Library/PrivateFrameworks/OAuth.framework/Versions/A/OAuth
0x00000001298a5000 	/System/Library/PrivateFrameworks/CoreDaemon.framework/Versions/B/CoreDaemon
0x00000001298ec000 	/usr/lib/libcrypto.0.9.8.dylib
0x0000000129a38000 	/System/Library/PrivateFrameworks/AppleSRP.framework/Versions/A/AppleSRP
0x000000010b60d000 	/System/Library/PrivateFrameworks/TrustEvaluationAgent.framework/Versions/A/TrustEvaluationAgent
0x0000000129a47000 	/System/Library/Frameworks/CoreGraphics.framework/Versions/A/Resources/libCGCMS.A.dylib
0x000000012a557000 	/System/Library/Frameworks/CoreGraphics.framework/Versions/A/Resources/libRIP.A.dylib
0x0000000127723000 	/System/Library/Frameworks/CoreGraphics.framework/Versions/A/Resources/libCGXType.A.dylib
0x000000012772c000 	/System/Library/Frameworks/OpenCL.framework/Libraries/libcldcpuengine.dylib
0x000000012b1e2000 	/System/Library/PrivateFrameworks/DiskImages.framework/Versions/A/DiskImages
0x000000012b318000 	/System/Library/Frameworks/DiscRecording.framework/Versions/A/DiscRecording
0x000000012b43a000 	/usr/lib/libcsfde.dylib
0x000000012b450000 	/usr/lib/libcurl.4.dylib
0x000000012b4b0000 	/System/Library/PrivateFrameworks/MediaKit.framework/Versions/A/MediaKit
0x000000012b4f5000 	/System/Library/PrivateFrameworks/ProtectedCloudStorage.framework/Versions/A/ProtectedCloudStorage
0x000000012b51f000 	/usr/lib/libCoreStorage.dylib
0x000000012773a000 	/System/Library/PrivateFrameworks/EFILogin.framework/Versions/A/EFILogin
0x0000000127742000 	/usr/lib/libutil.dylib
0x000000012b5d9000 	/System/Library/PrivateFrameworks/FindMyDevice.framework/Versions/A/FindMyDevice
0x000000012b5ee000 	/System/Library/Frameworks/LDAP.framework/Versions/A/LDAP
0x000000012b632000 	/usr/lib/libsasl2.2.dylib
0x000000010b5d3000 	cl_kernels
0x000000012b64c000 	/System/Library/Frameworks/OpenCL.framework/Libraries/ImageFormats/unorm8_bgra.dylib
0x000000010b76e000 	cl_kernels
0x000000012c78c000 	/System/Library/PrivateFrameworks/FamilyControls.framework/Versions/A/FamilyControls
0x000000012a765000 	/System/Library/PrivateFrameworks/CommerceKit.framework/Versions/A/Frameworks/CommerceCore.framework/Versions/A/CommerceCore
0x000000012c7c9000 	/System/Library/PrivateFrameworks/SystemAdministration.framework/Versions/A/SystemAdministration
0x000000012c81f000 	/System/Library/PrivateFrameworks/AppContainer.framework/Versions/A/AppContainer
0x000000012a77e000 	/System/Library/PrivateFrameworks/SecCodeWrapper.framework/Versions/A/SecCodeWrapper
0x000000012c84b000 	/System/Library/Frameworks/DirectoryService.framework/Versions/A/DirectoryService
0x000000012c860000 	/System/Library/PrivateFrameworks/LoginUIKit.framework/Versions/A/Frameworks/LoginUICore.framework/Versions/A/LoginUICore
0x000000010c086000 	/usr/lib/libodfde.dylib
0x000000012c8f0000 	/Library/Java/JavaVirtualMachines/jdk1.8.0_40.jdk/Contents/Home/jre/lib/libfontmanager.dylib
0x000000012c957000 	/private/var/folders/jq/n3sk1sgd6419qvlvj66w372h0000gn/T/libgdxevanmcilroy/f7649394/liblwjgl.dylib
0x000000010b7ab000 	/Library/Java/JavaVirtualMachines/jdk1.8.0_40.jdk/Contents/Home/jre/lib/libjawt.dylib
0x000000012c9d9000 	/var/folders/jq/n3sk1sgd6419qvlvj66w372h0000gn/T/libgdxevanmcilroy/f7649394/openal.dylib
0x000000012ca52000 	/System/Library/Components/CoreAudio.component/Contents/MacOS/CoreAudio
0x000000012cd27000 	/System/Library/Extensions/AppleHDA.kext/Contents/PlugIns/AppleHDAHALPlugIn.bundle/Contents/MacOS/AppleHDAHALPlugIn
0x000000012d0b6000 	/System/Library/Frameworks/OpenGL.framework/Resources/GLEngine.bundle/GLEngine
0x000000012d2a1000 	/System/Library/Frameworks/OpenGL.framework/Versions/A/Libraries/libGLProgrammability.dylib
0x0000000000000000 	/System/Library/Extensions/AppleIntelHD3000GraphicsGLDriver.bundle/Contents/MacOS/AppleIntelHD3000GraphicsGLDriver
0x000000012d6e4000 	/System/Library/PrivateFrameworks/GPUSupport.framework/Versions/A/Libraries/libGPUSupport.dylib
0x000000012d6f8000 	/System/Library/Frameworks/OpenGL.framework/Resources//GLRendererFloat.bundle/GLRendererFloat
0x00000001278b0000 	/Library/Java/JavaVirtualMachines/jdk1.8.0_40.jdk/Contents/Home/jre/lib/libnet.dylib
0x000000010bf8d000 	cl_kernels

VM Arguments:
jvm_args: -Dfile.encoding=UTF-8 -Duser.country=US -Duser.language=en -Duser.variant 
java_command: newworldorder.client.ClientApplication
java_class_path (initial): /Users/evanmcilroy/medieval-warfare/medieval-warfare-client/build/classes/main:/Users/evanmcilroy/medieval-warfare/medieval-warfare-client/build/resources/main:/Users/evanmcilroy/.gradle/caches/modules-2/files-2.1/com.badlogicgames.gdx/gdx-backend-lwjgl/1.5.4/6bbdafa819266783697ef7a7393d1fea511c76d9/gdx-backend-lwjgl-1.5.4.jar:/Users/evanmcilroy/.gradle/caches/modules-2/files-2.1/com.badlogicgames.gdx/gdx-platform/1.5.4/59717180af429ddb0396ed5b6baabfd9a9e11752/gdx-platform-1.5.4-natives-desktop.jar:/Users/evanmcilroy/.gradle/caches/modules-2/files-2.1/com.badlogicgames.gdx/gdx-box2d-platform/1.5.4/a5772476b12c8e161443d990945507c6575a0ce9/gdx-box2d-platform-1.5.4-natives-desktop.jar:/Users/evanmcilroy/.gradle/caches/modules-2/files-2.1/com.badlogicgames.gdx/gdx/1.5.4/c16e1a0088ae7f0cac4a8d6595be32432e6069f4/gdx-1.5.4.jar:/Users/evanmcilroy/.gradle/caches/modules-2/files-2.1/com.badlogicgames.gdx/gdx-box2d/1.5.4/6b0e1e0ef1b4ee3010f4e55cceaa22ba9ace5cf2/gdx-box2d-1.5.4.jar:/Users/evanmcilroy/medieval-warfare/medieval-warfare-common/build/libs/medieval-warfare-common-1.0.jar:/Users/evanmcilroy/.gradle/caches/modules-2/files-2.1/org.springframework/spring-context/4.1.4.RELEASE/5c66d0962e89ee577627a526b6b299a5337072be/spring-context-4.1.4.RELEASE.jar:/Users/evanmcilroy/.gradle/caches/modules-2/files-2.1/org.springframework.amqp/spring-rabbit/1.4.2.RELEASE/373f272d7244c3ae7b142e8c54675d20d811adec/spring-rabbit-1.4.2.RELEASE.jar:/Users/evanmcilroy/.gradle/caches/modules-2/files-2.1/org.lwjgl.lwjgl/lwjgl/2.9.2/a9d80fe5935c7a9149f6584d9777cfd471f65489/lwjgl-2.9.2.jar:/Users/evanmcilroy/.gradle/caches/modules-2/files-2.1/org.lwjgl.lwjgl/lwjgl_util/2.9.2/4b9e37300a87799856e0bd15ed81663cdb6b0947/lwjgl_util-2.9.2.jar:/Users/evanmcilroy/.gradle/caches/modules-2/files-2.1/com.badlogicgames.jlayer/jlayer/1.0.1-gdx/7cca83cec5c1b2f011362f4d85aabd71a73b049d/jlayer-1.0.1-gdx.jar:/Users/evanmcilroy/.gradle/caches/modules-2/files-2.1/org.jcraft/jorbis/0.0.17/8
Launcher Type: SUN_STANDARD

Environment Variables:
PATH=/usr/bin:/bin:/usr/sbin:/sbin
SHELL=/bin/bash

Signal Handlers:
SIGSEGV: [libjvm.dylib+0x58ef95], sa_mask[0]=11111111011111110111111111111111, sa_flags=SA_ONSTACK|SA_RESTART|SA_SIGINFO
SIGBUS: [libjvm.dylib+0x58ef95], sa_mask[0]=11111111011111110111111111111111, sa_flags=SA_RESTART|SA_SIGINFO
SIGFPE: [libjvm.dylib+0x46c118], sa_mask[0]=11111111011111110111111111111111, sa_flags=SA_RESTART|SA_SIGINFO
SIGPIPE: [libjvm.dylib+0x46c118], sa_mask[0]=11111111011111110111111111111111, sa_flags=SA_RESTART|SA_SIGINFO
SIGXFSZ: [libjvm.dylib+0x46c118], sa_mask[0]=11111111011111110111111111111111, sa_flags=SA_RESTART|SA_SIGINFO
SIGILL: [libjvm.dylib+0x46c118], sa_mask[0]=11111111011111110111111111111111, sa_flags=SA_RESTART|SA_SIGINFO
SIGUSR1: SIG_DFL, sa_mask[0]=00000000000000000000000000000000, sa_flags=none
SIGUSR2: [libjvm.dylib+0x46bc36], sa_mask[0]=00100000000000000000000000000000, sa_flags=SA_RESTART|SA_SIGINFO
SIGHUP: [libjvm.dylib+0x46a209], sa_mask[0]=11111111011111110111111111111111, sa_flags=SA_RESTART|SA_SIGINFO
SIGINT: [libjvm.dylib+0x46a209], sa_mask[0]=11111111011111110111111111111111, sa_flags=SA_RESTART|SA_SIGINFO
SIGTERM: [libjvm.dylib+0x46a209], sa_mask[0]=11111111011111110111111111111111, sa_flags=SA_RESTART|SA_SIGINFO
SIGQUIT: [libjvm.dylib+0x46a209], sa_mask[0]=11111111011111110111111111111111, sa_flags=SA_RESTART|SA_SIGINFO


---------------  S Y S T E M  ---------------

OS:Bsduname:Darwin 14.1.0 Darwin Kernel Version 14.1.0: Mon Dec 22 23:10:38 PST 2014; root:xnu-2782.10.72~2/RELEASE_X86_64 x86_64
rlimit: STACK 8192k, CORE 0k, NPROC 709, NOFILE 10240, AS infinity
load average:2.93 3.50 3.45

CPU:total 4 (2 cores per cpu, 2 threads per core) family 6 model 42 stepping 7, cmov, cx8, fxsr, mmx, sse, sse2, sse3, ssse3, sse4.1, sse4.2, popcnt, avx, aes, clmul, ht, tsc, tscinvbit

Memory: 4k page, physical 4194304k(121176k free)

/proc/meminfo:


vm_info: Java HotSpot(TM) 64-Bit Server VM (25.40-b25) for bsd-amd64 JRE (1.8.0_40-b25), built on Feb 10 2015 21:07:25 by "java_re" with gcc 4.2.1 (Based on Apple Inc. build 5658) (LLVM build 2336.11.00)

time: Thu Apr  9 19:32:52 2015
elapsed time: 360 seconds (0d 0h 6m 0s)

