#
# A fatal error has been detected by the Java Runtime Environment:
#
#  SIGSEGV (0xb) at pc=0x000000010dcd60dd, pid=24291, tid=1811
#
# JRE version: Java(TM) SE Runtime Environment (8.0_40-b25) (build 1.8.0_40-b25)
# Java VM: Java HotSpot(TM) 64-Bit Server VM (25.40-b25 mixed mode bsd-amd64 compressed oops)
# Problematic frame:
# C  [libobjc.A.dylib+0x10dd]  objc_msgSend+0x1d
#
# Failed to write core dump. Core dumps have been disabled. To enable core dumping, try "ulimit -c unlimited" before starting Java again
#
# If you would like to submit a bug report, please visit:
#   http://bugreport.java.com/bugreport/crash.jsp
# The crash happened outside the Java Virtual Machine in native code.
# See problematic frame for where to report the bug.
#

---------------  T H R E A D  ---------------

Current thread (0x00007fe2d8926800):  JavaThread "AppKit Thread" daemon [_thread_in_native, id=1811, stack(0x00007fff51b3b000,0x00007fff5233b000)]

siginfo: si_signo: 11 (SIGSEGV), si_code: 1 (SEGV_MAPERR), si_addr: 0x000007fe2d879198

Registers:
RAX=0x00007fe2d8792890, RBX=0x00007fff523356d8, RCX=0x0000000000000000, RDX=0x00007fe2d85aa8a0
RSP=0x00007fff523354f8, RBP=0x00007fff52335500, RSI=0x000000010f3762b4, RDI=0x00007fe2d8792890
R8 =0x00007fff523354e0, R9 =0x0000000000000061, R10=0x000000010f3762b4, R11=0x000007fe2d879180
R12=0x00007fe2d8702e70, R13=0x00000000000f4382, R14=0x00007fe2d86e8440, R15=0x00007fff52335638
RIP=0x000000010dcd60dd, EFLAGS=0x0000000000010202, ERR=0x0000000000000004
  TRAPNO=0x000000000000000e

Top of Stack: (sp=0x00007fff523354f8)
0x00007fff523354f8:   000000010e01bcdc 00007fff52335860
0x00007fff52335508:   000000010df0d244 00007fff5233558c
0x00007fff52335518:   00007fff52335590 00007fff52335594
0x00007fff52335528:   0000000110a7fc88 ffffffffffffffff
0x00007fff52335538:   0000000000000918 0000000110a7fca0
0x00007fff52335548:   00007fe2d86e8440 0000000000000000
0x00007fff52335558:   00007fff52335630 0000000000000000
0x00007fff52335568:   00007fe2d84f56a0 00007fff523356b0
0x00007fff52335578:   0000000000000061 00000000000f4384
0x00007fff52335588:   00007fe2d85aa8a0 00007fe2d86c3db0
0x00007fff52335598:   00007fe2d8702e70 0000000000000001
0x00007fff523355a8:   00000000000f4382 00007fe2d8702e60
0x00007fff523355b8:   00000001107707ba 00000001da00d720
0x00007fff523355c8:   0000000112de10d0 0000000042000000
0x00007fff523355d8:   0000000110778e13 0000000110a4a1d0
0x00007fff523355e8:   00007fff523356b8 00007fff52335610
0x00007fff523355f8:   00007fff52335630 0000000000000000
0x00007fff52335608:   0000000000000001 0045120300000001
0x00007fff52335618:   00007fe2d8702e94 0000000000000000
0x00007fff52335628:   0000000000000000 00007fe2d86c6310
0x00007fff52335638:   00007fe2d86e8440 0000002000000000
0x00007fff52335648:   0000000000000000 0000000112de10d0
0x00007fff52335658:   0000000042000000 00000001108b110f
0x00007fff52335668:   0000000110a4a2e0 00007fff523355c8
0x00007fff52335678:   0000000000000000 00007fff52335748
0x00007fff52335688:   000000010f5045e0 00007fff52335780
0x00007fff52335698:   0000000112faeedc 00007fff52335730
0x00007fff523356a8:   000000010ee4c353 000000000000005d
0x00007fff523356b8:   0000000000000000 00000000000f434a
0x00007fff523356c8:   000000000000005f 0000000000000000
0x00007fff523356d8:   00000000000f4382 00007fff523356e8
0x00007fff523356e8:   0000000000000000 00007fff523356e8 

Instructions: (pc=0x000000010dcd60dd)
0x000000010dcd60bd:   00 00 00 48 85 ff 2e 74 7a 40 f6 c7 01 2e 75 7e
0x000000010dcd60cd:   49 bb f8 ff ff ff ff 7f 00 00 4c 23 1f 49 89 f2
0x000000010dcd60dd:   45 23 53 18 49 c1 e2 04 4d 03 53 10 49 3b 32 75
0x000000010dcd60ed:   04 41 ff 62 08 49 83 3a 00 74 6a 4d 3b 53 10 74 

Register to memory mapping:

RAX=0x00007fe2d8792890 is an unknown value
RBX=0x00007fff523356d8 is pointing into the stack for thread: 0x00007fe2d8926800
RCX=0x0000000000000000 is an unknown value
RDX=0x00007fe2d85aa8a0 is an unknown value
RSP=0x00007fff523354f8 is pointing into the stack for thread: 0x00007fe2d8926800
RBP=0x00007fff52335500 is pointing into the stack for thread: 0x00007fe2d8926800
RSI=0x000000010f3762b4: -[NSTitlebarContainerView shouldRoundCorners]+0x5ced6 in /System/Library/Frameworks/AppKit.framework/Versions/C/AppKit at 0x000000010e9a5000
RDI=0x00007fe2d8792890 is an unknown value
R8 =0x00007fff523354e0 is pointing into the stack for thread: 0x00007fe2d8926800
R9 =0x0000000000000061 is an unknown value
R10=0x000000010f3762b4: -[NSTitlebarContainerView shouldRoundCorners]+0x5ced6 in /System/Library/Frameworks/AppKit.framework/Versions/C/AppKit at 0x000000010e9a5000
R11=0x000007fe2d879180 is an unknown value
R12=0x00007fe2d8702e70 is an unknown value
R13=0x00000000000f4382 is an unknown value
R14=0x00007fe2d86e8440 is an unknown value
R15=0x00007fff52335638 is pointing into the stack for thread: 0x00007fe2d8926800


Stack: [0x00007fff51b3b000,0x00007fff5233b000],  sp=0x00007fff523354f8,  free space=8169k
Native frames: (J=compiled Java code, j=interpreted, Vv=VM code, C=native code)
C  [libobjc.A.dylib+0x10dd]  objc_msgSend+0x1d
C  [CoreFoundation+0x10244]  _CFXNotificationPost+0xc44
C  [Foundation+0x2c31]  -[NSNotificationCenter postNotificationName:object:userInfo:]+0x42
C  [AppKit+0xdd776]  -[NSSurface _disposeSurface]+0x98
C  [AppKit+0xdd1da]  -[NSSurface setWindow:]+0x42
C  [AppKit+0x3b9ef]  -[NSView _setWindow:]+0xa22
C  [AppKit+0x3cc22]  -[NSView removeFromSuperview]+0x1c5
C  [AppKit+0x9140a]  -[NSView removeFromSuperviewWithoutNeedingDisplay]+0x26
C  [liblwjgl.dylib+0xa205]  +[MacOSXKeyableWindow destroyWindow]+0xb5
C  [Foundation+0x65cdc]  __NSThreadPerformPerform+0x125
C  [CoreFoundation+0x80681]  __CFRUNLOOP_IS_CALLING_OUT_TO_A_SOURCE0_PERFORM_FUNCTION__+0x11
C  [CoreFoundation+0x7280d]  __CFRunLoopDoSources0+0x10d
C  [CoreFoundation+0x71e3f]  __CFRunLoopRun+0x39f
C  [CoreFoundation+0x71858]  CFRunLoopRunSpecific+0x128
C  [HIToolbox+0x2eaef]  RunCurrentEventLoopInMode+0xeb
C  [HIToolbox+0x2e86a]  ReceiveNextEventCommon+0x1af
C  [HIToolbox+0x2e6ab]  _BlockUntilNextEventMatchingListInModeWithFilter+0x47
C  [AppKit+0x23f81]  _DPSNextEvent+0x3c4
C  [AppKit+0x23730]  -[NSApplication nextEventMatchingMask:untilDate:inMode:dequeue:]+0xc2
C  [libosxapp.dylib+0x242a]  -[NSApplicationAWT nextEventMatchingMask:untilDate:inMode:dequeue:]+0x7c
C  [AppKit+0x17593]  -[NSApplication run]+0x252
C  [libosxapp.dylib+0x223e]  +[NSApplicationAWT runAWTLoopWithApp:]+0x9c
C  [libawt_lwawt.dylib+0x4463b]  -[AWTStarter starter:]+0x389
C  [Foundation+0x65cdc]  __NSThreadPerformPerform+0x125
C  [CoreFoundation+0x80681]  __CFRUNLOOP_IS_CALLING_OUT_TO_A_SOURCE0_PERFORM_FUNCTION__+0x11
C  [CoreFoundation+0x7280d]  __CFRunLoopDoSources0+0x10d
C  [CoreFoundation+0x71e3f]  __CFRunLoopRun+0x39f
C  [CoreFoundation+0x71858]  CFRunLoopRunSpecific+0x128
C  [java+0x6490]  CreateExecutionEnvironment+0x367
C  [java+0x221c]  JLI_Launch+0x7a0
C  [java+0x84ed]  main+0x65
C  [java+0x1a74]  start+0x34
C  0x0000000000000008


---------------  P R O C E S S  ---------------

Java Threads: ( => current thread )
  0x00007fe2da0f6800 JavaThread "AWT-Shutdown" [_thread_blocked, id=73079, stack(0x0000000136e98000,0x0000000136f98000)]
  0x00007fe2d894a000 JavaThread "pool-5-thread-7" [_thread_blocked, id=14599, stack(0x0000000137313000,0x0000000137413000)]
  0x00007fe2da108000 JavaThread "pool-5-thread-6" [_thread_blocked, id=68235, stack(0x0000000135a55000,0x0000000135b55000)]
  0x00007fe2d888e800 JavaThread "pool-5-thread-5" [_thread_blocked, id=29223, stack(0x0000000134db0000,0x0000000134eb0000)]
  0x00007fe2d91e5000 JavaThread "pool-5-thread-4" [_thread_blocked, id=70347, stack(0x0000000136995000,0x0000000136a95000)]
  0x00007fe2da060800 JavaThread "pool-5-thread-3" [_thread_blocked, id=67603, stack(0x000000013528f000,0x000000013538f000)]
  0x00007fe2d936a000 JavaThread "SimpleAsyncTaskExecutor-1" [_thread_blocked, id=36463, stack(0x0000000135952000,0x0000000135a52000)]
  0x00007fe2d99bc800 JavaThread "pool-5-thread-2" [_thread_blocked, id=67907, stack(0x000000013584f000,0x000000013594f000)]
  0x00007fe2d936e000 JavaThread "pool-5-thread-1" [_thread_in_native, id=67047, stack(0x000000012c41e000,0x000000012c51e000)]
  0x00007fe2d9aa4000 JavaThread "SimpleAsyncTaskExecutor-1" [_thread_blocked, id=67503, stack(0x0000000136564000,0x0000000136664000)]
  0x00007fe2da09a000 JavaThread "pool-1-thread-7" [_thread_blocked, id=14087, stack(0x0000000136461000,0x0000000136561000)]
  0x00007fe2d88eb000 JavaThread "pool-1-thread-6" [_thread_blocked, id=34379, stack(0x000000013635e000,0x000000013645e000)]
  0x00007fe2d9860800 JavaThread "pool-1-thread-5" [_thread_blocked, id=13063, stack(0x000000013625b000,0x000000013635b000)]
  0x00007fe2da220000 JavaThread "pool-1-thread-4" [_thread_blocked, id=24615, stack(0x0000000136158000,0x0000000136258000)]
  0x00007fe2d88ea800 JavaThread "pool-1-thread-3" [_thread_blocked, id=37127, stack(0x0000000136055000,0x0000000136155000)]
  0x00007fe2d8826000 JavaThread "pool-1-thread-2" [_thread_blocked, id=12807, stack(0x0000000135f52000,0x0000000136052000)]
  0x00007fe2d9a5a000 JavaThread "pool-1-thread-1" [_thread_in_native, id=36939, stack(0x0000000135e4f000,0x0000000135f4f000)]
  0x00007fe2d901c000 JavaThread "DestroyJavaVM" [_thread_blocked, id=4867, stack(0x000000011876a000,0x000000011886a000)]
  0x00007fe2d9359800 JavaThread "LWJGL Application" [_thread_in_native, id=61955, stack(0x0000000133f4e000,0x000000013404e000)]
=>0x00007fe2d8926800 JavaThread "AppKit Thread" daemon [_thread_in_native, id=1811, stack(0x00007fff51b3b000,0x00007fff5233b000)]
  0x00007fe2da010000 JavaThread "Service Thread" daemon [_thread_blocked, id=18179, stack(0x000000012dfa4000,0x000000012e0a4000)]
  0x00007fe2da00f000 JavaThread "C1 CompilerThread2" daemon [_thread_blocked, id=17667, stack(0x000000012dea1000,0x000000012dfa1000)]
  0x00007fe2d8813800 JavaThread "C2 CompilerThread1" daemon [_thread_blocked, id=17155, stack(0x000000012dd9e000,0x000000012de9e000)]
  0x00007fe2d982f800 JavaThread "C2 CompilerThread0" daemon [_thread_blocked, id=16643, stack(0x000000012dc9b000,0x000000012dd9b000)]
  0x00007fe2d8824800 JavaThread "Signal Dispatcher" daemon [_thread_blocked, id=13579, stack(0x000000012db98000,0x000000012dc98000)]
  0x00007fe2d902b000 JavaThread "Finalizer" daemon [_thread_blocked, id=11523, stack(0x000000012c1e6000,0x000000012c2e6000)]
  0x00007fe2d9024800 JavaThread "Reference Handler" daemon [_thread_blocked, id=11011, stack(0x000000012c0e3000,0x000000012c1e3000)]

Other Threads:
  0x00007fe2d8813000 VMThread [stack: 0x000000012bfe0000,0x000000012c0e0000] [id=10499]
  0x00007fe2d9852000 WatcherThread [stack: 0x000000012e0a7000,0x000000012e1a7000] [id=18691]

VM state:not at safepoint (normal execution)

VM Mutex/Monitor currently owned by a thread: None

Heap:
 PSYoungGen      total 21504K, used 17153K [0x00000007aab00000, 0x00000007ac900000, 0x00000007c0000000)
  eden space 15360K, 72% used [0x00000007aab00000,0x00000007ab5d5c28,0x00000007aba00000)
  from space 6144K, 98% used [0x00000007ac100000,0x00000007ac6eab30,0x00000007ac700000)
  to   space 7168K, 0% used [0x00000007aba00000,0x00000007aba00000,0x00000007ac100000)
 ParOldGen       total 44032K, used 6261K [0x0000000780000000, 0x0000000782b00000, 0x00000007aab00000)
  object space 44032K, 14% used [0x0000000780000000,0x000000078061d500,0x0000000782b00000)
 Metaspace       used 18405K, capacity 18653K, committed 18816K, reserved 1067008K
  class space    used 2059K, capacity 2131K, committed 2176K, reserved 1048576K

Card table byte_map: [0x0000000127c3d000,0x0000000127e3e000] byte_map_base: 0x000000012403d000

Marking Bits: (ParMarkBitMap*) 0x00000001180c27a0
 Begin Bits: [0x00000001283a0000, 0x00000001293a0000)
 End Bits:   [0x00000001293a0000, 0x000000012a3a0000)

Polling page: 0x000000010d8e9000

CodeCache: size=245760Kb used=7844Kb max_used=7961Kb free=237915Kb
 bounds [0x000000011887d000, 0x000000011905d000, 0x000000012787d000]
 total_blobs=3072 nmethods=2568 adapters=417
 compilation: enabled

Compilation events (10 events):
Event: 891.592 Thread 0x00007fe2d982f800 nmethod 3026 0x0000000118f17c50 code [0x0000000118f17da0, 0x0000000118f17e08]
Event: 891.592 Thread 0x00007fe2d8813800 nmethod 3027 0x0000000118fb2250 code [0x0000000118fb23a0, 0x0000000118fb2408]
Event: 893.545 Thread 0x00007fe2d982f800 3028       4       java.util.HashMap$KeyIterator::next (8 bytes)
Event: 893.554 Thread 0x00007fe2d982f800 nmethod 3028 0x0000000118d67450 code [0x0000000118d675a0, 0x0000000118d67818]
Event: 897.544 Thread 0x00007fe2d8813800 3029       4       java.lang.Object::wait (6 bytes)
Event: 897.545 Thread 0x00007fe2d8813800 nmethod 3029 0x000000011900e590 code [0x000000011900e6e0, 0x000000011900e768]
Event: 898.414 Thread 0x00007fe2d982f800 3030       4       java.nio.HeapByteBuffer::putLong (21 bytes)
Event: 898.418 Thread 0x00007fe2d982f800 nmethod 3030 0x0000000118e209d0 code [0x0000000118e20b20, 0x0000000118e20cf8]
Event: 898.560 Thread 0x00007fe2d8813800 3031       4       java.nio.Bits::getLongB (60 bytes)
Event: 898.564 Thread 0x00007fe2d8813800 nmethod 3031 0x0000000118ef84d0 code [0x0000000118ef8620, 0x0000000118ef8798]

GC Heap History (10 events):
Event: 2.721 GC heap before
{Heap before GC invocations=2 (full 0):
 PSYoungGen      total 18944K, used 18849K [0x00000007aab00000, 0x00000007ac000000, 0x00000007c0000000)
  eden space 16384K, 100% used [0x00000007aab00000,0x00000007abb00000,0x00000007abb00000)
  from space 2560K, 96% used [0x00000007abb00000,0x00000007abd68750,0x00000007abd80000)
  to   space 2560K, 0% used [0x00000007abd80000,0x00000007abd80000,0x00000007ac000000)
 ParOldGen       total 44032K, used 8K [0x0000000780000000, 0x0000000782b00000, 0x00000007aab00000)
  object space 44032K, 0% used [0x0000000780000000,0x0000000780002000,0x0000000782b00000)
 Metaspace       used 7836K, capacity 7968K, committed 8192K, reserved 1056768K
  class space    used 927K, capacity 948K, committed 1024K, reserved 1048576K
Event: 2.730 GC heap after
Heap after GC invocations=2 (full 0):
 PSYoungGen      total 18944K, used 2541K [0x00000007aab00000, 0x00000007ac000000, 0x00000007c0000000)
  eden space 16384K, 0% used [0x00000007aab00000,0x00000007aab00000,0x00000007abb00000)
  from space 2560K, 99% used [0x00000007abd80000,0x00000007abffb6c0,0x00000007ac000000)
  to   space 2560K, 0% used [0x00000007abb00000,0x00000007abb00000,0x00000007abd80000)
 ParOldGen       total 44032K, used 468K [0x0000000780000000, 0x0000000782b00000, 0x00000007aab00000)
  object space 44032K, 1% used [0x0000000780000000,0x0000000780075378,0x0000000782b00000)
 Metaspace       used 7836K, capacity 7968K, committed 8192K, reserved 1056768K
  class space    used 927K, capacity 948K, committed 1024K, reserved 1048576K
}
Event: 3.833 GC heap before
{Heap before GC invocations=3 (full 0):
 PSYoungGen      total 18944K, used 18925K [0x00000007aab00000, 0x00000007ac000000, 0x00000007c0000000)
  eden space 16384K, 100% used [0x00000007aab00000,0x00000007abb00000,0x00000007abb00000)
  from space 2560K, 99% used [0x00000007abd80000,0x00000007abffb6c0,0x00000007ac000000)
  to   space 2560K, 0% used [0x00000007abb00000,0x00000007abb00000,0x00000007abd80000)
 ParOldGen       total 44032K, used 468K [0x0000000780000000, 0x0000000782b00000, 0x00000007aab00000)
  object space 44032K, 1% used [0x0000000780000000,0x0000000780075378,0x0000000782b00000)
 Metaspace       used 9975K, capacity 10060K, committed 10240K, reserved 1058816K
  class space    used 1200K, capacity 1238K, committed 1280K, reserved 1048576K
Event: 3.841 GC heap after
Heap after GC invocations=3 (full 0):
 PSYoungGen      total 18944K, used 2544K [0x00000007aab00000, 0x00000007ac000000, 0x00000007c0000000)
  eden space 16384K, 0% used [0x00000007aab00000,0x00000007aab00000,0x00000007abb00000)
  from space 2560K, 99% used [0x00000007abb00000,0x00000007abd7c010,0x00000007abd80000)
  to   space 2560K, 0% used [0x00000007abd80000,0x00000007abd80000,0x00000007ac000000)
 ParOldGen       total 44032K, used 1383K [0x0000000780000000, 0x0000000782b00000, 0x00000007aab00000)
  object space 44032K, 3% used [0x0000000780000000,0x0000000780159ff8,0x0000000782b00000)
 Metaspace       used 9975K, capacity 10060K, committed 10240K, reserved 1058816K
  class space    used 1200K, capacity 1238K, committed 1280K, reserved 1048576K
}
Event: 5.800 GC heap before
{Heap before GC invocations=4 (full 0):
 PSYoungGen      total 18944K, used 18928K [0x00000007aab00000, 0x00000007ac000000, 0x00000007c0000000)
  eden space 16384K, 100% used [0x00000007aab00000,0x00000007abb00000,0x00000007abb00000)
  from space 2560K, 99% used [0x00000007abb00000,0x00000007abd7c010,0x00000007abd80000)
  to   space 2560K, 0% used [0x00000007abd80000,0x00000007abd80000,0x00000007ac000000)
 ParOldGen       total 44032K, used 1383K [0x0000000780000000, 0x0000000782b00000, 0x00000007aab00000)
  object space 44032K, 3% used [0x0000000780000000,0x0000000780159ff8,0x0000000782b00000)
 Metaspace       used 14051K, capacity 14209K, committed 14464K, reserved 1062912K
  class space    used 1572K, capacity 1629K, committed 1664K, reserved 1048576K
Event: 5.819 GC heap after
Heap after GC invocations=4 (full 0):
 PSYoungGen      total 18944K, used 2544K [0x00000007aab00000, 0x00000007ac000000, 0x00000007c0000000)
  eden space 16384K, 0% used [0x00000007aab00000,0x00000007aab00000,0x00000007abb00000)
  from space 2560K, 99% used [0x00000007abd80000,0x00000007abffc010,0x00000007ac000000)
  to   space 2560K, 0% used [0x00000007abb00000,0x00000007abb00000,0x00000007abd80000)
 ParOldGen       total 44032K, used 3816K [0x0000000780000000, 0x0000000782b00000, 0x00000007aab00000)
  object space 44032K, 8% used [0x0000000780000000,0x00000007803ba280,0x0000000782b00000)
 Metaspace       used 14051K, capacity 14209K, committed 14464K, reserved 1062912K
  class space    used 1572K, capacity 1629K, committed 1664K, reserved 1048576K
}
Event: 21.259 GC heap before
{Heap before GC invocations=5 (full 0):
 PSYoungGen      total 18944K, used 18558K [0x00000007aab00000, 0x00000007ac000000, 0x00000007c0000000)
  eden space 16384K, 97% used [0x00000007aab00000,0x00000007abaa3910,0x00000007abb00000)
  from space 2560K, 99% used [0x00000007abd80000,0x00000007abffc010,0x00000007ac000000)
  to   space 2560K, 0% used [0x00000007abb00000,0x00000007abb00000,0x00000007abd80000)
 ParOldGen       total 44032K, used 3816K [0x0000000780000000, 0x0000000782b00000, 0x00000007aab00000)
  object space 44032K, 8% used [0x0000000780000000,0x00000007803ba280,0x0000000782b00000)
 Metaspace       used 17000K, capacity 17157K, committed 17408K, reserved 1064960K
  class space    used 1913K, capacity 1987K, committed 2048K, reserved 1048576K
Event: 21.282 GC heap after
Heap after GC invocations=5 (full 0):
 PSYoungGen      total 18944K, used 2548K [0x00000007aab00000, 0x00000007ac700000, 0x00000007c0000000)
  eden space 16384K, 0% used [0x00000007aab00000,0x00000007aab00000,0x00000007abb00000)
  from space 2560K, 99% used [0x00000007abb00000,0x00000007abd7d360,0x00000007abd80000)
  to   space 6144K, 0% used [0x00000007ac100000,0x00000007ac100000,0x00000007ac700000)
 ParOldGen       total 44032K, used 6253K [0x0000000780000000, 0x0000000782b00000, 0x00000007aab00000)
  object space 44032K, 14% used [0x0000000780000000,0x000000078061b500,0x0000000782b00000)
 Metaspace       used 17000K, capacity 17157K, committed 17408K, reserved 1064960K
  class space    used 1913K, capacity 1987K, committed 2048K, reserved 1048576K
}
Event: 108.673 GC heap before
{Heap before GC invocations=6 (full 0):
 PSYoungGen      total 18944K, used 18932K [0x00000007aab00000, 0x00000007ac700000, 0x00000007c0000000)
  eden space 16384K, 100% used [0x00000007aab00000,0x00000007abb00000,0x00000007abb00000)
  from space 2560K, 99% used [0x00000007abb00000,0x00000007abd7d360,0x00000007abd80000)
  to   space 6144K, 0% used [0x00000007ac100000,0x00000007ac100000,0x00000007ac700000)
 ParOldGen       total 44032K, used 6253K [0x0000000780000000, 0x0000000782b00000, 0x00000007aab00000)
  object space 44032K, 14% used [0x0000000780000000,0x000000078061b500,0x0000000782b00000)
 Metaspace       used 18215K, capacity 18477K, committed 18560K, reserved 1064960K
  class space    used 2048K, capacity 2123K, committed 2176K, reserved 1048576K
Event: 108.693 GC heap after
Heap after GC invocations=6 (full 0):
 PSYoungGen      total 21504K, used 6058K [0x00000007aab00000, 0x00000007ac900000, 0x00000007c0000000)
  eden space 15360K, 0% used [0x00000007aab00000,0x00000007aab00000,0x00000007aba00000)
  from space 6144K, 98% used [0x00000007ac100000,0x00000007ac6eab30,0x00000007ac700000)
  to   space 7168K, 0% used [0x00000007aba00000,0x00000007aba00000,0x00000007ac100000)
 ParOldGen       total 44032K, used 6261K [0x0000000780000000, 0x0000000782b00000, 0x00000007aab00000)
  object space 44032K, 14% used [0x0000000780000000,0x000000078061d500,0x0000000782b00000)
 Metaspace       used 18215K, capacity 18477K, committed 18560K, reserved 1064960K
  class space    used 2048K, capacity 2123K, committed 2176K, reserved 1048576K
}

Deoptimization events (10 events):
Event: 800.424 Thread 0x00007fe2d9359800 Uncommon trap: reason=class_check action=maybe_recompile pc=0x0000000119036d84 method=com.badlogic.gdx.scenes.scene2d.InputListener.handle(Lcom/badlogic/gdx/scenes/scene2d/Event;)Z @ 78
Event: 800.424 Thread 0x00007fe2d9359800 Uncommon trap: reason=class_check action=maybe_recompile pc=0x0000000119036d84 method=com.badlogic.gdx.scenes.scene2d.InputListener.handle(Lcom/badlogic/gdx/scenes/scene2d/Event;)Z @ 78
Event: 800.432 Thread 0x00007fe2d9359800 Uncommon trap: reason=unstable_if action=reinterpret pc=0x00000001190154e8 method=org.lwjgl.input.Keyboard.isKeyDown(I)Z @ 29
Event: 800.450 Thread 0x00007fe2d9359800 Uncommon trap: reason=unstable_if action=reinterpret pc=0x0000000118e01e04 method=org.lwjgl.input.Keyboard.isKeyDown(I)Z @ 29
Event: 800.840 Thread 0x00007fe2d9359800 Uncommon trap: reason=unstable_if action=reinterpret pc=0x0000000118b6fc3c method=com.badlogic.gdx.backends.lwjgl.LwjglInput.updateKeyboard()V @ 62
Event: 800.840 Thread 0x00007fe2d9359800 Uncommon trap: reason=class_check action=maybe_recompile pc=0x0000000118fe090c method=com.badlogic.gdx.backends.lwjgl.LwjglInput.processEvents()V @ 128
Event: 800.924 Thread 0x00007fe2d9359800 Uncommon trap: reason=unstable_if action=reinterpret pc=0x00000001189b4e64 method=org.lwjgl.input.Keyboard.readNext(Lorg/lwjgl/input/Keyboard$KeyEvent;)Z @ 73
Event: 800.957 Thread 0x00007fe2d9359800 Uncommon trap: reason=class_check action=maybe_recompile pc=0x0000000118fe090c method=com.badlogic.gdx.backends.lwjgl.LwjglInput.processEvents()V @ 128
Event: 801.091 Thread 0x00007fe2d9359800 Uncommon trap: reason=class_check action=maybe_recompile pc=0x0000000118fe090c method=com.badlogic.gdx.backends.lwjgl.LwjglInput.processEvents()V @ 128
Event: 898.697 Thread 0x00007fe2d9359800 Uncommon trap: reason=unstable_if action=reinterpret pc=0x0000000118a4e9f0 method=com.badlogic.gdx.backends.lwjgl.LwjglApplication.executeRunnables()Z @ 18

Internal exceptions (10 events):
Event: 60.253 Thread 0x00007fe2d9359800 Implicit null exception at 0x0000000118f0f50d to 0x0000000118f0f725
Event: 100.300 Thread 0x00007fe2d9359800 Implicit null exception at 0x0000000118b2f190 to 0x0000000118b2f1fd
Event: 204.700 Thread 0x00007fe2d9a5a000 Exception <a 'java/net/SocketTimeoutException': Read timed out> (0x00000007aacecc90) thrown at [/Users/java_re/workspace/8-2-build-macosx-x86_64/jdk8u40/2855/hotspot/src/share/vm/prims/jni.cpp, line 735]
Event: 349.703 Thread 0x00007fe2d9a5a000 Exception <a 'java/net/SocketTimeoutException': Read timed out> (0x00000007aacecf10) thrown at [/Users/java_re/workspace/8-2-build-macosx-x86_64/jdk8u40/2855/hotspot/src/share/vm/prims/jni.cpp, line 735]
Event: 494.705 Thread 0x00007fe2d9a5a000 Exception <a 'java/net/SocketTimeoutException': Read timed out> (0x00000007aaced110) thrown at [/Users/java_re/workspace/8-2-build-macosx-x86_64/jdk8u40/2855/hotspot/src/share/vm/prims/jni.cpp, line 735]
Event: 522.460 Thread 0x00007fe2d936e000 Exception <a 'java/net/SocketTimeoutException': Read timed out> (0x00000007aaf0f4e0) thrown at [/Users/java_re/workspace/8-2-build-macosx-x86_64/jdk8u40/2855/hotspot/src/share/vm/prims/jni.cpp, line 735]
Event: 667.461 Thread 0x00007fe2d936e000 Exception <a 'java/net/SocketTimeoutException': Read timed out> (0x00000007aaf0f6e0) thrown at [/Users/java_re/workspace/8-2-build-macosx-x86_64/jdk8u40/2855/hotspot/src/share/vm/prims/jni.cpp, line 735]
Event: 745.799 Thread 0x00007fe2d9a5a000 Exception <a 'java/net/SocketTimeoutException': Read timed out> (0x00000007aaced340) thrown at [/Users/java_re/workspace/8-2-build-macosx-x86_64/jdk8u40/2855/hotspot/src/share/vm/prims/jni.cpp, line 735]
Event: 812.466 Thread 0x00007fe2d936e000 Exception <a 'java/net/SocketTimeoutException': Read timed out> (0x00000007aaf0f8e0) thrown at [/Users/java_re/workspace/8-2-build-macosx-x86_64/jdk8u40/2855/hotspot/src/share/vm/prims/jni.cpp, line 735]
Event: 890.803 Thread 0x00007fe2d9a5a000 Exception <a 'java/net/SocketTimeoutException': Read timed out> (0x00000007aaced540) thrown at [/Users/java_re/workspace/8-2-build-macosx-x86_64/jdk8u40/2855/hotspot/src/share/vm/prims/jni.cpp, line 735]

Events (10 events):
Event: 898.693 loading class com/badlogic/gdx/backends/lwjgl/LwjglApplication$2 done
Event: 898.697 Thread 0x00007fe2d98bc000 Thread added: 0x00007fe2d98bc000
Event: 898.697 Thread 0x00007fe2d9359800 Uncommon trap: trap_request=0xffffff65 fr.pc=0x0000000118a4e9f0
Event: 898.697 Thread 0x00007fe2d9359800 DEOPT PACKING pc=0x0000000118a4e9f0 sp=0x000000013404d7f0
Event: 898.698 Thread 0x00007fe2d9359800 DEOPT UNPACKING pc=0x0000000118882229 sp=0x000000013404d7b0 mode 2
Event: 898.698 Executing VM operation: RevokeBias
Event: 898.698 Executing VM operation: RevokeBias done
Event: 898.698 Thread 0x00007fe2d98bc000 Thread exited: 0x00007fe2d98bc000
Event: 898.746 loading class org/lwjgl/opengl/CallbackUtil
Event: 898.746 loading class org/lwjgl/opengl/CallbackUtil done


Dynamic libraries:
0x000000010d8e3000 	/System/Library/Frameworks/Cocoa.framework/Versions/A/Cocoa
0x000000010d8ec000 	/System/Library/Frameworks/Security.framework/Versions/A/Security
0x000000010dca9000 	/System/Library/Frameworks/ApplicationServices.framework/Versions/A/ApplicationServices
0x000000010dcad000 	/usr/lib/libz.1.dylib
0x000000010dcc7000 	/usr/lib/libSystem.B.dylib
0x000000010dcd5000 	/usr/lib/libobjc.A.dylib
0x000000010defd000 	/System/Library/Frameworks/CoreFoundation.framework/Versions/A/CoreFoundation
0x000000010e41d000 	/System/Library/Frameworks/Foundation.framework/Versions/C/Foundation
0x000000010e9a5000 	/System/Library/Frameworks/AppKit.framework/Versions/C/AppKit
0x000000010fcdb000 	/System/Library/Frameworks/CoreData.framework/Versions/A/CoreData
0x0000000110092000 	/System/Library/PrivateFrameworks/RemoteViewServices.framework/Versions/A/RemoteViewServices
0x0000000110102000 	/System/Library/PrivateFrameworks/UIFoundation.framework/Versions/A/UIFoundation
0x00000001102cb000 	/System/Library/Frameworks/IOSurface.framework/Versions/A/IOSurface
0x00000001102db000 	/System/Library/Frameworks/AudioToolbox.framework/Versions/A/AudioToolbox
0x00000001104e8000 	/System/Library/Frameworks/AudioUnit.framework/Versions/A/AudioUnit
0x00000001104f0000 	/System/Library/PrivateFrameworks/DataDetectorsCore.framework/Versions/A/DataDetectorsCore
0x000000011059b000 	/System/Library/PrivateFrameworks/DesktopServicesPriv.framework/Versions/A/DesktopServicesPriv
0x0000000110732000 	/System/Library/Frameworks/Carbon.framework/Versions/A/Frameworks/HIToolbox.framework/Versions/A/HIToolbox
0x0000000110bb6000 	/System/Library/Frameworks/QuartzCore.framework/Versions/A/QuartzCore
0x0000000110e4a000 	/System/Library/Frameworks/Carbon.framework/Versions/A/Frameworks/SpeechRecognition.framework/Versions/A/SpeechRecognition
0x0000000110e5f000 	/usr/lib/libauto.dylib
0x0000000110ec1000 	/usr/lib/libicucore.A.dylib
0x0000000111168000 	/usr/lib/libxml2.2.dylib
0x0000000111293000 	/System/Library/PrivateFrameworks/CoreUI.framework/Versions/A/CoreUI
0x00000001114d8000 	/System/Library/Frameworks/CoreAudio.framework/Versions/A/CoreAudio
0x0000000111554000 	/System/Library/Frameworks/DiskArbitration.framework/Versions/A/DiskArbitration
0x000000011156a000 	/usr/lib/liblangid.dylib
0x000000011156f000 	/System/Library/PrivateFrameworks/MultitouchSupport.framework/Versions/A/MultitouchSupport
0x0000000111597000 	/System/Library/Frameworks/IOKit.framework/Versions/A/IOKit
0x0000000111644000 	/usr/lib/libDiagnosticMessagesClient.dylib
0x000000011164f000 	/System/Library/Frameworks/CoreServices.framework/Versions/A/CoreServices
0x0000000111656000 	/System/Library/PrivateFrameworks/PerformanceAnalysis.framework/Versions/A/PerformanceAnalysis
0x0000000111757000 	/System/Library/PrivateFrameworks/GenerationalStorage.framework/Versions/A/GenerationalStorage
0x000000011178d000 	/System/Library/Frameworks/OpenGL.framework/Versions/A/OpenGL
0x00000001117a8000 	/System/Library/PrivateFrameworks/Sharing.framework/Versions/A/Sharing
0x00000001117f8000 	/System/Library/Frameworks/CoreGraphics.framework/Versions/A/CoreGraphics
0x000000011218f000 	/System/Library/Frameworks/CoreText.framework/Versions/A/CoreText
0x0000000112340000 	/System/Library/Frameworks/ImageIO.framework/Versions/A/ImageIO
0x00000001124f1000 	/usr/lib/libextension.dylib
0x000000011252c000 	/System/Library/PrivateFrameworks/Backup.framework/Versions/A/Backup
0x0000000112689000 	/usr/lib/libarchive.2.dylib
0x00000001126c6000 	/System/Library/Frameworks/CFNetwork.framework/Versions/A/CFNetwork
0x0000000112a52000 	/System/Library/Frameworks/SystemConfiguration.framework/Versions/A/SystemConfiguration
0x0000000112b12000 	/usr/lib/libCRFSuite.dylib
0x0000000112b39000 	/usr/lib/libc++.1.dylib
0x0000000112be9000 	/usr/lib/libc++abi.dylib
0x0000000112c27000 	/usr/lib/system/libcache.dylib
0x0000000112c32000 	/usr/lib/system/libcommonCrypto.dylib
0x0000000112c50000 	/usr/lib/system/libcompiler_rt.dylib
0x0000000112c64000 	/usr/lib/system/libcopyfile.dylib
0x0000000112c76000 	/usr/lib/system/libcorecrypto.dylib
0x0000000112d2a000 	/usr/lib/system/libdispatch.dylib
0x0000000112d7c000 	/usr/lib/system/libdyld.dylib
0x0000000112d8c000 	/usr/lib/system/libkeymgr.dylib
0x0000000112d92000 	/usr/lib/system/liblaunch.dylib
0x0000000112d9b000 	/usr/lib/system/libmacho.dylib
0x0000000112da6000 	/usr/lib/system/libquarantine.dylib
0x0000000112db1000 	/usr/lib/system/libremovefile.dylib
0x0000000112db9000 	/usr/lib/system/libsystem_asl.dylib
0x0000000112ddf000 	/usr/lib/system/libsystem_blocks.dylib
0x0000000112deb000 	/usr/lib/system/libsystem_c.dylib
0x0000000112ea3000 	/usr/lib/system/libsystem_configuration.dylib
0x0000000112eb2000 	/usr/lib/system/libsystem_coreservices.dylib
0x0000000112ec0000 	/usr/lib/system/libsystem_coretls.dylib
0x0000000112ee3000 	/usr/lib/system/libsystem_dnssd.dylib
0x0000000112ef6000 	/usr/lib/system/libsystem_info.dylib
0x0000000112f34000 	/usr/lib/system/libsystem_kernel.dylib
0x0000000112f6c000 	/usr/lib/system/libsystem_m.dylib
0x0000000112fac000 	/usr/lib/system/libsystem_malloc.dylib
0x0000000112fd7000 	/usr/lib/system/libsystem_network.dylib
0x000000011303e000 	/usr/lib/system/libsystem_networkextension.dylib
0x0000000113050000 	/usr/lib/system/libsystem_notify.dylib
0x0000000113066000 	/usr/lib/system/libsystem_platform.dylib
0x0000000113078000 	/usr/lib/system/libsystem_pthread.dylib
0x0000000113090000 	/usr/lib/system/libsystem_sandbox.dylib
0x000000011309c000 	/usr/lib/system/libsystem_secinit.dylib
0x00000001130aa000 	/usr/lib/system/libsystem_stats.dylib
0x00000001130b6000 	/usr/lib/system/libsystem_trace.dylib
0x00000001130cc000 	/usr/lib/system/libunc.dylib
0x00000001130d1000 	/usr/lib/system/libunwind.dylib
0x00000001130e0000 	/usr/lib/system/libxpc.dylib
0x0000000113129000 	/usr/lib/libbz2.1.0.dylib
0x0000000113142000 	/usr/lib/liblzma.5.dylib
0x0000000113169000 	/usr/lib/libbsm.0.dylib
0x0000000113189000 	/usr/lib/libsqlite3.dylib
0x00000001132eb000 	/usr/lib/system/libkxld.dylib
0x00000001132ff000 	/usr/lib/libxar.1.dylib
0x0000000113317000 	/usr/lib/libpam.2.dylib
0x0000000113324000 	/usr/lib/libOpenScriptingUtil.dylib
0x000000011332f000 	/System/Library/Frameworks/CoreServices.framework/Versions/A/Frameworks/FSEvents.framework/Versions/A/FSEvents
0x0000000113344000 	/System/Library/Frameworks/CoreServices.framework/Versions/A/Frameworks/CarbonCore.framework/Versions/A/CarbonCore
0x0000000112ea7000 	/System/Library/Frameworks/CoreServices.framework/Versions/A/Frameworks/Metadata.framework/Versions/A/Metadata
0x00000001137ad000 	/System/Library/Frameworks/CoreServices.framework/Versions/A/Frameworks/OSServices.framework/Versions/A/OSServices
0x0000000113885000 	/System/Library/Frameworks/CoreServices.framework/Versions/A/Frameworks/SearchKit.framework/Versions/A/SearchKit
0x0000000113939000 	/System/Library/Frameworks/CoreServices.framework/Versions/A/Frameworks/AE.framework/Versions/A/AE
0x00000001139cb000 	/System/Library/Frameworks/CoreServices.framework/Versions/A/Frameworks/LaunchServices.framework/Versions/A/LaunchServices
0x0000000113b9d000 	/System/Library/Frameworks/CoreServices.framework/Versions/A/Frameworks/DictionaryServices.framework/Versions/A/DictionaryServices
0x0000000113bed000 	/System/Library/Frameworks/NetFS.framework/Versions/A/NetFS
0x0000000113c02000 	/System/Library/PrivateFrameworks/NetAuth.framework/Versions/A/NetAuth
0x0000000113c18000 	/System/Library/PrivateFrameworks/login.framework/Versions/A/Frameworks/loginsupport.framework/Versions/A/loginsupport
0x0000000113c22000 	/System/Library/PrivateFrameworks/TCC.framework/Versions/A/TCC
0x0000000113c2f000 	/usr/lib/libmecabra.dylib
0x0000000113fcd000 	/System/Library/Frameworks/ApplicationServices.framework/Versions/A/Frameworks/ATS.framework/Versions/A/ATS
0x0000000114074000 	/System/Library/Frameworks/ApplicationServices.framework/Versions/A/Frameworks/ColorSync.framework/Versions/A/ColorSync
0x0000000114157000 	/System/Library/Frameworks/ApplicationServices.framework/Versions/A/Frameworks/HIServices.framework/Versions/A/HIServices
0x00000001141d6000 	/System/Library/Frameworks/ApplicationServices.framework/Versions/A/Frameworks/LangAnalysis.framework/Versions/A/LangAnalysis
0x000000001a0f6000 	/System/Library/Frameworks/ApplicationServices.framework/Versions/A/Frameworks/PrintCore.framework/Versions/A/PrintCore
0x0000000114273000 	/System/Library/Frameworks/ApplicationServices.framework/Versions/A/Frameworks/QD.framework/Versions/A/QD
0x00000001142d1000 	/System/Library/Frameworks/ApplicationServices.framework/Versions/A/Frameworks/SpeechSynthesis.framework/Versions/A/SpeechSynthesis
0x00000001142f6000 	/System/Library/Frameworks/Accelerate.framework/Versions/A/Accelerate
0x00000001142fb000 	/System/Library/Frameworks/Accelerate.framework/Versions/A/Frameworks/vImage.framework/Versions/A/vImage
0x00000001147ac000 	/System/Library/Frameworks/Accelerate.framework/Versions/A/Frameworks/vecLib.framework/Versions/A/vecLib
0x00000001147b5000 	/System/Library/Frameworks/Accelerate.framework/Versions/A/Frameworks/vecLib.framework/Versions/A/libvDSP.dylib
0x00000001148db000 	/System/Library/Frameworks/Accelerate.framework/Versions/A/Frameworks/vecLib.framework/Versions/A/libvMisc.dylib
0x00000001149af000 	/System/Library/Frameworks/Accelerate.framework/Versions/A/Frameworks/vecLib.framework/Versions/A/libLAPACK.dylib
0x0000000114e22000 	/System/Library/Frameworks/Accelerate.framework/Versions/A/Frameworks/vecLib.framework/Versions/A/libBLAS.dylib
0x0000000114fdd000 	/System/Library/Frameworks/Accelerate.framework/Versions/A/Frameworks/vecLib.framework/Versions/A/libLinearAlgebra.dylib
0x0000000115000000 	/System/Library/Frameworks/ApplicationServices.framework/Versions/A/Frameworks/ATS.framework/Versions/A/Resources/libFontParser.dylib
0x000000011516f000 	/System/Library/Frameworks/ApplicationServices.framework/Versions/A/Frameworks/ATS.framework/Versions/A/Resources/libFontRegistry.dylib
0x00000001151e2000 	/System/Library/PrivateFrameworks/AppleVPA.framework/Versions/A/AppleVPA
0x0000000115207000 	/System/Library/PrivateFrameworks/AppleJPEG.framework/Versions/A/AppleJPEG
0x0000000115317000 	/System/Library/Frameworks/ImageIO.framework/Versions/A/Resources/libJPEG.dylib
0x0000000115344000 	/System/Library/Frameworks/ImageIO.framework/Versions/A/Resources/libTIFF.dylib
0x00000001153b4000 	/System/Library/Frameworks/ImageIO.framework/Versions/A/Resources/libPng.dylib
0x00000001153e3000 	/System/Library/Frameworks/ImageIO.framework/Versions/A/Resources/libGIF.dylib
0x00000001153ef000 	/System/Library/Frameworks/ImageIO.framework/Versions/A/Resources/libJP2.dylib
0x000000011550d000 	/System/Library/Frameworks/ImageIO.framework/Versions/A/Resources/libRadiance.dylib
0x0000000115513000 	/System/Library/Frameworks/CoreVideo.framework/Versions/A/CoreVideo
0x0000000115563000 	/System/Library/Frameworks/OpenGL.framework/Versions/A/Libraries/libGLU.dylib
0x00000001155b6000 	/System/Library/Frameworks/OpenGL.framework/Versions/A/Libraries/libGFXShared.dylib
0x00000001155cd000 	/System/Library/Frameworks/OpenGL.framework/Versions/A/Libraries/libGL.dylib
0x00000001155f3000 	/System/Library/Frameworks/OpenGL.framework/Versions/A/Libraries/libGLImage.dylib
0x000000011563d000 	/System/Library/Frameworks/OpenGL.framework/Versions/A/Libraries/libCVMSPluginSupport.dylib
0x0000000115648000 	/System/Library/Frameworks/OpenGL.framework/Versions/A/Libraries/libCoreVMClient.dylib
0x0000000115655000 	/usr/lib/libcups.2.dylib
0x00000001156b8000 	/System/Library/Frameworks/Kerberos.framework/Versions/A/Kerberos
0x00000001156ef000 	/System/Library/Frameworks/GSS.framework/Versions/A/GSS
0x000000011573f000 	/usr/lib/libresolv.9.dylib
0x0000000115769000 	/usr/lib/libiconv.2.dylib
0x0000000115871000 	/System/Library/PrivateFrameworks/Heimdal.framework/Versions/A/Heimdal
0x0000000115914000 	/usr/lib/libheimdal-asn1.dylib
0x0000000115920000 	/System/Library/Frameworks/OpenDirectory.framework/Versions/A/OpenDirectory
0x0000000115946000 	/System/Library/PrivateFrameworks/CommonAuth.framework/Versions/A/CommonAuth
0x0000000115956000 	/System/Library/Frameworks/OpenDirectory.framework/Versions/A/Frameworks/CFOpenDirectory.framework/Versions/A/CFOpenDirectory
0x0000000115996000 	/System/Library/Frameworks/SecurityFoundation.framework/Versions/A/SecurityFoundation
0x0000000115a50000 	/System/Library/PrivateFrameworks/LanguageModeling.framework/Versions/A/LanguageModeling
0x0000000115abb000 	/usr/lib/libcmph.dylib
0x0000000115ae0000 	/System/Library/Frameworks/ServiceManagement.framework/Versions/A/ServiceManagement
0x0000000115aed000 	/usr/lib/libxslt.1.dylib
0x0000000115b24000 	/System/Library/Frameworks/Carbon.framework/Versions/A/Frameworks/Ink.framework/Versions/A/Ink
0x0000000115bee000 	/System/Library/Frameworks/QuartzCore.framework/Versions/A/Frameworks/CoreImage.framework/Versions/A/CoreImage
0x0000000116011000 	/System/Library/PrivateFrameworks/CrashReporterSupport.framework/Versions/A/CrashReporterSupport
0x000000011602f000 	/System/Library/Frameworks/OpenCL.framework/Versions/A/OpenCL
0x000000011609a000 	/System/Library/PrivateFrameworks/FaceCore.framework/Versions/A/FaceCore
0x00000001166e9000 	/System/Library/PrivateFrameworks/Ubiquity.framework/Versions/A/Ubiquity
0x0000000116718000 	/System/Library/PrivateFrameworks/IconServices.framework/Versions/A/IconServices
0x0000000116758000 	/System/Library/PrivateFrameworks/ChunkingLibrary.framework/Versions/A/ChunkingLibrary
0x0000000116790000 	/System/Library/PrivateFrameworks/Apple80211.framework/Versions/A/Apple80211
0x00000001167bf000 	/System/Library/Frameworks/CoreWLAN.framework/Versions/A/CoreWLAN
0x0000000116875000 	/System/Library/Frameworks/IOBluetooth.framework/Versions/A/IOBluetooth
0x0000000116995000 	/System/Library/PrivateFrameworks/CoreWiFi.framework/Versions/A/CoreWiFi
0x0000000116a5d000 	/System/Library/Frameworks/CoreBluetooth.framework/Versions/A/CoreBluetooth
0x0000000116a86000 	/System/Library/PrivateFrameworks/DebugSymbols.framework/Versions/A/DebugSymbols
0x0000000116ae4000 	/System/Library/PrivateFrameworks/CoreSymbolication.framework/Versions/A/CoreSymbolication
0x0000000116b85000 	/System/Library/PrivateFrameworks/Symbolication.framework/Versions/A/Symbolication
0x0000000116bf3000 	/System/Library/PrivateFrameworks/SpeechRecognitionCore.framework/Versions/A/SpeechRecognitionCore
0x0000000117800000 	/Library/Java/JavaVirtualMachines/jdk1.8.0_40.jdk/Contents/Home/jre/lib/server/libjvm.dylib
0x0000000116f06000 	/usr/lib/libstdc++.6.dylib
0x0000000116fbc000 	/Library/Java/JavaVirtualMachines/jdk1.8.0_40.jdk/Contents/Home/jre/lib/libverify.dylib
0x0000000116fca000 	/Library/Java/JavaVirtualMachines/jdk1.8.0_40.jdk/Contents/Home/jre/lib/libjava.dylib
0x0000000118874000 	/Library/Java/JavaVirtualMachines/jdk1.8.0_40.jdk/Contents/Home/jre/lib/libzip.dylib
0x000000012c2e8000 	/System/Library/Frameworks/JavaVM.framework/Frameworks/JavaRuntimeSupport.framework/JavaRuntimeSupport
0x000000012c300000 	/System/Library/Frameworks/JavaVM.framework/Versions/A/Frameworks/JavaNativeFoundation.framework/Versions/A/JavaNativeFoundation
0x000000012c315000 	/System/Library/Frameworks/JavaVM.framework/Versions/A/JavaVM
0x000000010dca6000 	/System/Library/Frameworks/Carbon.framework/Versions/A/Carbon
0x000000012c322000 	/System/Library/PrivateFrameworks/JavaLaunching.framework/Versions/A/JavaLaunching
0x000000012c32e000 	/System/Library/Frameworks/Carbon.framework/Versions/A/Frameworks/CommonPanels.framework/Versions/A/CommonPanels
0x000000012c339000 	/System/Library/Frameworks/Carbon.framework/Versions/A/Frameworks/Help.framework/Versions/A/Help
0x000000012c342000 	/System/Library/Frameworks/Carbon.framework/Versions/A/Frameworks/ImageCapture.framework/Versions/A/ImageCapture
0x000000012c36f000 	/System/Library/Frameworks/Carbon.framework/Versions/A/Frameworks/OpenScripting.framework/Versions/A/OpenScripting
0x00000000a93f7000 	/System/Library/Frameworks/Carbon.framework/Versions/A/Frameworks/Print.framework/Versions/A/Print
0x0000000110eba000 	/System/Library/Frameworks/Carbon.framework/Versions/A/Frameworks/SecurityHI.framework/Versions/A/SecurityHI
0x000000012e507000 	/private/var/folders/jq/n3sk1sgd6419qvlvj66w372h0000gn/T/libgdxevanmcilroy/d8ae55ed/libgdx64.dylib
0x000000012eb28000 	/Library/Java/JavaVirtualMachines/jdk1.8.0_40.jdk/Contents/Home/jre/lib/libawt.dylib
0x000000012ebd0000 	/Library/Java/JavaVirtualMachines/jdk1.8.0_40.jdk/Contents/Home/jre/lib/./libmlib_image.dylib
0x000000012ec9c000 	/Library/Java/JavaVirtualMachines/jdk1.8.0_40.jdk/Contents/Home/jre/lib/libawt_lwawt.dylib
0x000000012e248000 	/Library/Java/JavaVirtualMachines/jdk1.8.0_40.jdk/Contents/Home/jre/lib/./libosxapp.dylib
0x0000000112eb9000 	/System/Library/Frameworks/ExceptionHandling.framework/Versions/A/ExceptionHandling
0x000000012edd3000 	/System/Library/PrivateFrameworks/CoreServicesInternal.framework/CoreServicesInternal
0x0000000130098000 	/System/Library/PrivateFrameworks/CloudDocs.framework/CloudDocs
0x0000000130111000 	/System/Library/PrivateFrameworks/CoreDuet.framework/Versions/A/CoreDuet
0x0000000130143000 	/System/Library/Frameworks/CloudKit.framework/Versions/A/CloudKit
0x0000000130258000 	/System/Library/PrivateFrameworks/ProtocolBuffer.framework/Versions/A/ProtocolBuffer
0x0000000130273000 	/System/Library/PrivateFrameworks/CoreDuetDaemonProtocol.framework/Versions/A/CoreDuetDaemonProtocol
0x0000000112a4c000 	/System/Library/PrivateFrameworks/CoreDuetDebugLogging.framework/Versions/A/CoreDuetDebugLogging
0x0000000130293000 	/System/Library/Frameworks/CoreLocation.framework/Versions/A/CoreLocation
0x00000001302fc000 	/System/Library/Frameworks/Accounts.framework/Versions/A/Accounts
0x0000000130353000 	/System/Library/PrivateFrameworks/ApplePushService.framework/Versions/A/ApplePushService
0x000000013038a000 	/System/Library/PrivateFrameworks/GeoServices.framework/Versions/A/GeoServices
0x0000000130845000 	/System/Library/PrivateFrameworks/OAuth.framework/Versions/A/OAuth
0x000000013084d000 	/System/Library/PrivateFrameworks/CoreDaemon.framework/Versions/B/CoreDaemon
0x0000000130894000 	/usr/lib/libcrypto.0.9.8.dylib
0x00000001309e0000 	/System/Library/PrivateFrameworks/AppleSRP.framework/Versions/A/AppleSRP
0x0000000112b0c000 	/System/Library/PrivateFrameworks/TrustEvaluationAgent.framework/Versions/A/TrustEvaluationAgent
0x00000001309ef000 	/System/Library/Frameworks/CoreGraphics.framework/Versions/A/Resources/libCGCMS.A.dylib
0x00000001314ff000 	/System/Library/Frameworks/CoreGraphics.framework/Versions/A/Resources/libRIP.A.dylib
0x000000012e6da000 	/System/Library/Frameworks/CoreGraphics.framework/Versions/A/Resources/libCGXType.A.dylib
0x000000012e6e3000 	/System/Library/Frameworks/OpenCL.framework/Libraries/libcldcpuengine.dylib
0x000000013218a000 	/System/Library/PrivateFrameworks/DiskImages.framework/Versions/A/DiskImages
0x00000001322c0000 	/System/Library/Frameworks/DiscRecording.framework/Versions/A/DiscRecording
0x000000012e6f1000 	/usr/lib/libcsfde.dylib
0x00000001323e2000 	/usr/lib/libcurl.4.dylib
0x0000000132442000 	/System/Library/PrivateFrameworks/MediaKit.framework/Versions/A/MediaKit
0x0000000132487000 	/System/Library/PrivateFrameworks/ProtectedCloudStorage.framework/Versions/A/ProtectedCloudStorage
0x00000001324b1000 	/usr/lib/libCoreStorage.dylib
0x000000012e707000 	/System/Library/PrivateFrameworks/EFILogin.framework/Versions/A/EFILogin
0x000000013256b000 	/usr/lib/libutil.dylib
0x0000000132573000 	/System/Library/PrivateFrameworks/FindMyDevice.framework/Versions/A/FindMyDevice
0x0000000132588000 	/System/Library/Frameworks/LDAP.framework/Versions/A/LDAP
0x00000001325cc000 	/usr/lib/libsasl2.2.dylib
0x0000000111754000 	cl_kernels
0x00000001325e6000 	/System/Library/Frameworks/OpenCL.framework/Libraries/ImageFormats/unorm8_bgra.dylib
0x00000001117a4000 	cl_kernels
0x0000000133726000 	/System/Library/PrivateFrameworks/FamilyControls.framework/Versions/A/FamilyControls
0x000000013170d000 	/System/Library/PrivateFrameworks/CommerceKit.framework/Versions/A/Frameworks/CommerceCore.framework/Versions/A/CommerceCore
0x0000000133763000 	/System/Library/PrivateFrameworks/SystemAdministration.framework/Versions/A/SystemAdministration
0x00000001337b9000 	/System/Library/PrivateFrameworks/AppContainer.framework/Versions/A/AppContainer
0x0000000131726000 	/System/Library/PrivateFrameworks/SecCodeWrapper.framework/Versions/A/SecCodeWrapper
0x00000001337e5000 	/System/Library/Frameworks/DirectoryService.framework/Versions/A/DirectoryService
0x00000001337fa000 	/System/Library/PrivateFrameworks/LoginUIKit.framework/Versions/A/Frameworks/LoginUICore.framework/Versions/A/LoginUICore
0x0000000113037000 	/usr/lib/libodfde.dylib
0x000000013388a000 	/Library/Java/JavaVirtualMachines/jdk1.8.0_40.jdk/Contents/Home/jre/lib/libfontmanager.dylib
0x00000001338f1000 	/private/var/folders/jq/n3sk1sgd6419qvlvj66w372h0000gn/T/libgdxevanmcilroy/f7649394/liblwjgl.dylib
0x00000001124ed000 	/Library/Java/JavaVirtualMachines/jdk1.8.0_40.jdk/Contents/Home/jre/lib/libjawt.dylib
0x0000000133973000 	/var/folders/jq/n3sk1sgd6419qvlvj66w372h0000gn/T/libgdxevanmcilroy/f7649394/openal.dylib
0x00000001339ec000 	/System/Library/Components/CoreAudio.component/Contents/MacOS/CoreAudio
0x0000000133cc1000 	/System/Library/Extensions/AppleHDA.kext/Contents/PlugIns/AppleHDAHALPlugIn.bundle/Contents/MacOS/AppleHDAHALPlugIn
0x0000000134050000 	/System/Library/Frameworks/OpenGL.framework/Resources/GLEngine.bundle/GLEngine
0x000000013423b000 	/System/Library/Frameworks/OpenGL.framework/Versions/A/Libraries/libGLProgrammability.dylib
0x0000000000000000 	/System/Library/Extensions/AppleIntelHD3000GraphicsGLDriver.bundle/Contents/MacOS/AppleIntelHD3000GraphicsGLDriver
0x000000013467e000 	/System/Library/PrivateFrameworks/GPUSupport.framework/Versions/A/Libraries/libGPUSupport.dylib
0x0000000134692000 	/System/Library/Frameworks/OpenGL.framework/Resources//GLRendererFloat.bundle/GLRendererFloat
0x000000012c39a000 	/Library/Java/JavaVirtualMachines/jdk1.8.0_40.jdk/Contents/Home/jre/lib/libnet.dylib

VM Arguments:
jvm_args: -Dfile.encoding=UTF-8 -Duser.country=US -Duser.language=en -Duser.variant 
java_command: newworldorder.client.ClientApplication
java_class_path (initial): /Users/evanmcilroy/medieval-warfare/medieval-warfare-client/build/classes/main:/Users/evanmcilroy/medieval-warfare/medieval-warfare-client/build/resources/main:/Users/evanmcilroy/.gradle/caches/modules-2/files-2.1/com.badlogicgames.gdx/gdx-backend-lwjgl/1.5.4/6bbdafa819266783697ef7a7393d1fea511c76d9/gdx-backend-lwjgl-1.5.4.jar:/Users/evanmcilroy/.gradle/caches/modules-2/files-2.1/com.badlogicgames.gdx/gdx-platform/1.5.4/59717180af429ddb0396ed5b6baabfd9a9e11752/gdx-platform-1.5.4-natives-desktop.jar:/Users/evanmcilroy/.gradle/caches/modules-2/files-2.1/com.badlogicgames.gdx/gdx-box2d-platform/1.5.4/a5772476b12c8e161443d990945507c6575a0ce9/gdx-box2d-platform-1.5.4-natives-desktop.jar:/Users/evanmcilroy/.gradle/caches/modules-2/files-2.1/com.badlogicgames.gdx/gdx/1.5.4/c16e1a0088ae7f0cac4a8d6595be32432e6069f4/gdx-1.5.4.jar:/Users/evanmcilroy/.gradle/caches/modules-2/files-2.1/com.badlogicgames.gdx/gdx-box2d/1.5.4/6b0e1e0ef1b4ee3010f4e55cceaa22ba9ace5cf2/gdx-box2d-1.5.4.jar:/Users/evanmcilroy/medieval-warfare/medieval-warfare-common/build/libs/medieval-warfare-common-1.0.jar:/Users/evanmcilroy/.gradle/caches/modules-2/files-2.1/org.springframework/spring-context/4.1.4.RELEASE/5c66d0962e89ee577627a526b6b299a5337072be/spring-context-4.1.4.RELEASE.jar:/Users/evanmcilroy/.gradle/caches/modules-2/files-2.1/org.springframework.amqp/spring-rabbit/1.4.2.RELEASE/373f272d7244c3ae7b142e8c54675d20d811adec/spring-rabbit-1.4.2.RELEASE.jar:/Users/evanmcilroy/.gradle/caches/modules-2/files-2.1/org.lwjgl.lwjgl/lwjgl/2.9.2/a9d80fe5935c7a9149f6584d9777cfd471f65489/lwjgl-2.9.2.jar:/Users/evanmcilroy/.gradle/caches/modules-2/files-2.1/org.lwjgl.lwjgl/lwjgl_util/2.9.2/4b9e37300a87799856e0bd15ed81663cdb6b0947/lwjgl_util-2.9.2.jar:/Users/evanmcilroy/.gradle/caches/modules-2/files-2.1/com.badlogicgames.jlayer/jlayer/1.0.1-gdx/7cca83cec5c1b2f011362f4d85aabd71a73b049d/jlayer-1.0.1-gdx.jar:/Users/evanmcilroy/.gradle/caches/modules-2/files-2.1/org.jcraft/jorbis/0.0.17/8
Launcher Type: SUN_STANDARD

Environment Variables:
PATH=/usr/bin:/bin:/usr/sbin:/sbin
SHELL=/bin/bash

Signal Handlers:
SIGSEGV: [libjvm.dylib+0x58ef95], sa_mask[0]=11111111011111110111111111111111, sa_flags=SA_ONSTACK|SA_RESTART|SA_SIGINFO
SIGBUS: [libjvm.dylib+0x58ef95], sa_mask[0]=11111111011111110111111111111111, sa_flags=SA_RESTART|SA_SIGINFO
SIGFPE: [libjvm.dylib+0x46c118], sa_mask[0]=11111111011111110111111111111111, sa_flags=SA_RESTART|SA_SIGINFO
SIGPIPE: [libjvm.dylib+0x46c118], sa_mask[0]=11111111011111110111111111111111, sa_flags=SA_RESTART|SA_SIGINFO
SIGXFSZ: [libjvm.dylib+0x46c118], sa_mask[0]=11111111011111110111111111111111, sa_flags=SA_RESTART|SA_SIGINFO
SIGILL: [libjvm.dylib+0x46c118], sa_mask[0]=11111111011111110111111111111111, sa_flags=SA_RESTART|SA_SIGINFO
SIGUSR1: SIG_DFL, sa_mask[0]=00000000000000000000000000000000, sa_flags=none
SIGUSR2: [libjvm.dylib+0x46bc36], sa_mask[0]=00100000000000000000000000000000, sa_flags=SA_RESTART|SA_SIGINFO
SIGHUP: [libjvm.dylib+0x46a209], sa_mask[0]=11111111011111110111111111111111, sa_flags=SA_RESTART|SA_SIGINFO
SIGINT: [libjvm.dylib+0x46a209], sa_mask[0]=11111111011111110111111111111111, sa_flags=SA_RESTART|SA_SIGINFO
SIGTERM: [libjvm.dylib+0x46a209], sa_mask[0]=11111111011111110111111111111111, sa_flags=SA_RESTART|SA_SIGINFO
SIGQUIT: [libjvm.dylib+0x46a209], sa_mask[0]=11111111011111110111111111111111, sa_flags=SA_RESTART|SA_SIGINFO


---------------  S Y S T E M  ---------------

OS:Bsduname:Darwin 14.1.0 Darwin Kernel Version 14.1.0: Mon Dec 22 23:10:38 PST 2014; root:xnu-2782.10.72~2/RELEASE_X86_64 x86_64
rlimit: STACK 8192k, CORE 0k, NPROC 709, NOFILE 10240, AS infinity
load average:3.42 4.07 4.20

CPU:total 4 (2 cores per cpu, 2 threads per core) family 6 model 42 stepping 7, cmov, cx8, fxsr, mmx, sse, sse2, sse3, ssse3, sse4.1, sse4.2, popcnt, avx, aes, clmul, ht, tsc, tscinvbit

Memory: 4k page, physical 4194304k(70736k free)

/proc/meminfo:


vm_info: Java HotSpot(TM) 64-Bit Server VM (25.40-b25) for bsd-amd64 JRE (1.8.0_40-b25), built on Feb 10 2015 21:07:25 by "java_re" with gcc 4.2.1 (Based on Apple Inc. build 5658) (LLVM build 2336.11.00)

time: Thu Apr  9 21:20:52 2015
elapsed time: 898 seconds (0d 0h 14m 58s)

